#
# There is insufficient memory for the Java Runtime Environment to continue.
# Native memory allocation (mmap) failed to map 132120576 bytes. Error detail: G1 virtual space
# Possible reasons:
#   The system is out of physical RAM or swap space
#   This process is running with CompressedOops enabled, and the Java Heap may be blocking the growth of the native heap
# Possible solutions:
#   Reduce memory load on the system
#   Increase physical memory or swap space
#   Check if swap backing store is full
#   Decrease Java heap size (-Xmx/-Xms)
#   Decrease number of Java threads
#   Decrease Java thread stack sizes (-Xss)
#   Set larger code cache with -XX:ReservedCodeCacheSize=
#   JVM is running with Unscaled Compressed Oops mode in which the Java heap is
#     placed in the first 4GB address space. The Java Heap base address is the
#     maximum limit for the native heap growth. Please use -XX:HeapBaseMinAddress
#     to set the Java Heap base and to place the Java Heap above 4GB virtual address.
# This output file may be truncated or incomplete.
#
#  Out of Memory Error (os_windows.cpp:3631), pid=16084, tid=14352
#
# JRE version:  (22.0.1+8) (build )
# Java VM: Java HotSpot(TM) 64-Bit Server VM (22.0.1+8-16, mixed mode, sharing, tiered, compressed oops, compressed class ptrs, g1 gc, windows-amd64)
# No core dump will be written. Minidumps are not enabled by default on client versions of Windows
#

---------------  S U M M A R Y ------------

Command Line: C:\Users\Марина\AppData\Local\Temp\surefire13079374693520019226\surefirebooter-20241105194823725_3.jar C:\Users\Марина\AppData\Local\Temp\surefire13079374693520019226 2024-11-05T19-48-23_389-jvmRun1 surefire-20241105194823725_1tmp surefire_0-20241105194823725_2tmp

Host: Intel(R) Core(TM) i5-2450M CPU @ 2.50GHz, 4 cores, 7G,  Windows 10 , 64 bit Build 19041 (10.0.19041.4957)
Time: Tue Nov  5 19:48:24 2024 RTZ 2 (s 10 , 64 bit Build 19041 (10.0.19041.4957) elapsed time: 0.018172 seconds (0d 0h 0m 0s)

---------------  T H R E A D  ---------------

Current thread (0x0000017272d756c0):  JavaThread "Unknown thread" [_thread_in_vm, id=14352, stack(0x0000000fff400000,0x0000000fff500000) (1024K)]

Stack: [0x0000000fff400000,0x0000000fff500000]
Native frames: (J=compiled Java code, j=interpreted, Vv=VM code, C=native code)
V  [jvm.dll+0x6e2279]  (no source info available)
V  [jvm.dll+0x874e33]  (no source info available)
V  [jvm.dll+0x87725e]  (no source info available)
V  [jvm.dll+0x877933]  (no source info available)
V  [jvm.dll+0x27fd76]  (no source info available)
V  [jvm.dll+0x6de915]  (no source info available)
V  [jvm.dll+0x6d341a]  (no source info available)
V  [jvm.dll+0x3589da]  (no source info available)
V  [jvm.dll+0x360f06]  (no source info available)
V  [jvm.dll+0x3b3e2e]  (no source info available)
V  [jvm.dll+0x3b40d8]  (no source info available)
V  [jvm.dll+0x32c59c]  (no source info available)
V  [jvm.dll+0x32d158]  (no source info available)
V  [jvm.dll+0x83ccdc]  (no source info available)
V  [jvm.dll+0x3c0d71]  (no source info available)
V  [jvm.dll+0x825ccc]  (no source info available)
V  [jvm.dll+0x45b8fe]  (no source info available)
V  [jvm.dll+0x45d781]  (no source info available)
C  [jli.dll+0x52a3]  (no source info available)
C  [ucrtbase.dll+0x21bb2]  (no source info available)
C  [KERNEL32.DLL+0x17374]  (no source info available)
C  [ntdll.dll+0x4cc91]  (no source info available)


---------------  P R O C E S S  ---------------

Threads class SMR info:
_java_thread_list=0x00007ffd3a8db1c8, length=0, elements={
}

Java Threads: ( => current thread )
Total: 0

Other Threads:
  0x0000017272dc7680 WorkerThread "GC Thread#0"                     [id=4900, stack(0x0000000fff500000,0x0000000fff600000) (1024K)]
  0x000001727d7abd40 ConcurrentGCThread "G1 Main Marker"            [id=7180, stack(0x0000000fff600000,0x0000000fff700000) (1024K)]
  0x0000017272dccd90 WorkerThread "G1 Conc#0"                       [id=7908, stack(0x0000000fff700000,0x0000000fff800000) (1024K)]

[error occurred during error reporting (printing all threads), id 0xc0000005, EXCEPTION_ACCESS_VIOLATION (0xc0000005) at pc=0x00007ffd3a02f367]
VM state: not at safepoint (not fully initialized)

VM Mutex/Monitor currently owned by a thread:  ([mutex/lock_event])
[0x00007ffd3a95bcb8] Heap_lock - owner thread: 0x0000017272d756c0

Heap address: 0x0000000082400000, size: 2012 MB, Compressed Oops mode: 32-bit

CDS archive(s) mapped at: [0x0000000000000000-0x0000000000000000-0x0000000000000000), size 0, SharedBaseAddress: 0x0000000800000000, ArchiveRelocationMode: 1.
Narrow klass base: 0x0000000000000000, Narrow klass shift: 0, Narrow klass range: 0x0

GC Precious Log:
 CardTable entry size: 512
 Card Set container configuration: InlinePtr #cards 5 size 8 Array Of Cards #cards 12 size 40 Howl #buckets 4 coarsen threshold 1843 Howl Bitmap #cards 512 size 80 coarsen threshold 460 Card regions per heap region 1 cards per card region 2048

Heap:
 garbage-first heap   total reserved 2060288K, committed 0K, used 0K [0x0000000082400000, 0x0000000100000000)
  region size 1024K, 0 young (0K), 0 survivors (0K)

[error occurred during error reporting (printing heap information), id 0xc0000005, EXCEPTION_ACCESS_VIOLATION (0xc0000005) at pc=0x00007ffd3a42e429]
GC Heap History (0 events):
No events

Dll operation events (1 events):
Event: 0.011 Loaded shared library C:\Program Files\jdk-22.0.1\bin\java.dll

Deoptimization events (0 events):
No events

Classes loaded (0 events):
No events

Classes unloaded (0 events):
No events

Classes redefined (0 events):
No events

Internal exceptions (0 events):
No events

ZGC Phase Switch (0 events):
No events

VM Operations (0 events):
No events

Events (0 events):
No events


Dynamic libraries:
0x00007ff793060000 - 0x00007ff793070000 	C:\Program Files\jdk-22.0.1\bin\java.exe
0x00007ffd72c10000 - 0x00007ffd72e08000 	C:\WINDOWS\SYSTEM32\ntdll.dll
0x00007ffd72b00000 - 0x00007ffd72bc2000 	C:\WINDOWS\System32\KERNEL32.DLL
0x00007ffd70420000 - 0x00007ffd7071e000 	C:\WINDOWS\System32\KERNELBASE.dll
0x00007ffd709d0000 - 0x00007ffd70ad0000 	C:\WINDOWS\System32\ucrtbase.dll
0x00007ffd6a160000 - 0x00007ffd6a17b000 	C:\Program Files\jdk-22.0.1\bin\VCRUNTIME140.dll
0x00007ffd6a910000 - 0x00007ffd6a927000 	C:\Program Files\jdk-22.0.1\bin\jli.dll
0x00007ffd72570000 - 0x00007ffd72622000 	C:\WINDOWS\System32\ADVAPI32.dll
0x00007ffd726a0000 - 0x00007ffd7273e000 	C:\WINDOWS\System32\msvcrt.dll
0x00007ffd720e0000 - 0x00007ffd72180000 	C:\WINDOWS\System32\sechost.dll
0x00007ffd71ef0000 - 0x00007ffd72013000 	C:\WINDOWS\System32\RPCRT4.dll
0x00007ffd708e0000 - 0x00007ffd70907000 	C:\WINDOWS\System32\bcrypt.dll
0x00007ffd71300000 - 0x00007ffd7149d000 	C:\WINDOWS\System32\USER32.dll
0x00007ffd703f0000 - 0x00007ffd70412000 	C:\WINDOWS\System32\win32u.dll
0x00007ffd5b4d0000 - 0x00007ffd5b76a000 	C:\WINDOWS\WinSxS\amd64_microsoft.windows.common-controls_6595b64144ccf1df_6.0.19041.4355_none_60b8b9eb71f62e16\COMCTL32.dll
0x00007ffd720b0000 - 0x00007ffd720db000 	C:\WINDOWS\System32\GDI32.dll
0x00007ffd70720000 - 0x00007ffd70837000 	C:\WINDOWS\System32\gdi32full.dll
0x00007ffd70840000 - 0x00007ffd708dd000 	C:\WINDOWS\System32\msvcp_win.dll
0x00007ffd6f590000 - 0x00007ffd6f59a000 	C:\WINDOWS\SYSTEM32\VERSION.dll
0x00007ffd710a0000 - 0x00007ffd710cf000 	C:\WINDOWS\System32\IMM32.DLL
0x00007ffd6f600000 - 0x00007ffd6f637000 	C:\WINDOWS\system32\DriverStore\FileRepository\nvacwu.inf_amd64_9d2734742a07f3cf\nvinitx.dll
0x00007ffd714a0000 - 0x00007ffd71c0f000 	C:\WINDOWS\System32\Shell32.dll
0x00007ffd6de40000 - 0x00007ffd6e5e4000 	C:\WINDOWS\SYSTEM32\windows.storage.dll
0x00007ffd72740000 - 0x00007ffd72a93000 	C:\WINDOWS\System32\combase.dll
0x00007ffd6fc00000 - 0x00007ffd6fc2e000 	C:\WINDOWS\SYSTEM32\Wldp.dll
0x00007ffd72370000 - 0x00007ffd7243d000 	C:\WINDOWS\System32\OLEAUT32.dll
0x00007ffd71c10000 - 0x00007ffd71cbd000 	C:\WINDOWS\System32\SHCORE.dll
0x00007ffd72190000 - 0x00007ffd721e5000 	C:\WINDOWS\System32\shlwapi.dll
0x0000000070f60000 - 0x0000000070f66000 	C:\Program Files\NVIDIA Corporation\CoProcManager\_etoured.dll
0x00007ffd62db0000 - 0x00007ffd62df4000 	C:\Program Files\NVIDIA Corporation\CoProcManager\nvd3d9wrapx.dll
0x00007ffd70c30000 - 0x00007ffd7109e000 	C:\WINDOWS\System32\SETUPAPI.dll
0x00007ffd70910000 - 0x00007ffd7095e000 	C:\WINDOWS\System32\cfgmgr32.dll
0x00007ffd65540000 - 0x00007ffd6556e000 	C:\Program Files\NVIDIA Corporation\CoProcManager\nvdxgiwrapx.dll
0x00007ffd6ba30000 - 0x00007ffd6ba3c000 	C:\Program Files\jdk-22.0.1\bin\vcruntime140_1.dll
0x00007ffd566b0000 - 0x00007ffd5673e000 	C:\Program Files\jdk-22.0.1\bin\msvcp140.dll
0x00007ffd39cf0000 - 0x00007ffd3aa37000 	C:\Program Files\jdk-22.0.1\bin\server\jvm.dll
0x00007ffd72040000 - 0x00007ffd720ab000 	C:\WINDOWS\System32\WS2_32.dll
0x00007ffd6f800000 - 0x00007ffd6f84b000 	C:\WINDOWS\SYSTEM32\POWRPROF.dll
0x00007ffd5eeb0000 - 0x00007ffd5eed7000 	C:\WINDOWS\SYSTEM32\WINMM.dll
0x00007ffd6f6b0000 - 0x00007ffd6f6c2000 	C:\WINDOWS\SYSTEM32\UMPDC.dll
0x00007ffd6ea90000 - 0x00007ffd6eaa2000 	C:\WINDOWS\SYSTEM32\kernel.appcore.dll
0x00007ffd6b0a0000 - 0x00007ffd6b0aa000 	C:\Program Files\jdk-22.0.1\bin\jimage.dll
0x00007ffd6e6b0000 - 0x00007ffd6e894000 	C:\WINDOWS\SYSTEM32\DBGHELP.DLL
0x00007ffd68760000 - 0x00007ffd68794000 	C:\WINDOWS\SYSTEM32\dbgcore.DLL
0x00007ffd702b0000 - 0x00007ffd70332000 	C:\WINDOWS\System32\bcryptPrimitives.dll
0x00007ffd6a140000 - 0x00007ffd6a15e000 	C:\Program Files\jdk-22.0.1\bin\java.dll
0x00007ffd72440000 - 0x00007ffd7256b000 	C:\WINDOWS\System32\ole32.dll

dbghelp: loaded successfully - version: 4.0.5 - missing functions: none
symbol engine: initialized successfully - sym options: 0x614 - pdb path: .;C:\Program Files\jdk-22.0.1\bin;C:\WINDOWS\SYSTEM32;C:\WINDOWS\WinSxS\amd64_microsoft.windows.common-controls_6595b64144ccf1df_6.0.19041.4355_none_60b8b9eb71f62e16;C:\WINDOWS\system32\DriverStore\FileRepository\nvacwu.inf_amd64_9d2734742a07f3cf;C:\Program Files\NVIDIA Corporation\CoProcManager;C:\Program Files\jdk-22.0.1\bin\server

VM Arguments:
java_command: C:\Users\Марина\AppData\Local\Temp\surefire13079374693520019226\surefirebooter-20241105194823725_3.jar C:\Users\Марина\AppData\Local\Temp\surefire13079374693520019226 2024-11-05T19-48-23_389-jvmRun1 surefire-20241105194823725_1tmp surefire_0-20241105194823725_2tmp
java_class_path (initial): C:\Users\Марина\AppData\Local\Temp\surefire13079374693520019226\surefirebooter-20241105194823725_3.jar
Launcher Type: SUN_STANDARD

[Global flags]
     intx CICompilerCount                          = 3                                         {product} {ergonomic}
     uint ConcGCThreads                            = 1                                         {product} {ergonomic}
     uint G1ConcRefinementThreads                  = 4                                         {product} {ergonomic}
   size_t G1HeapRegionSize                         = 1048576                                   {product} {ergonomic}
   size_t InitialHeapSize                          = 132120576                                 {product} {ergonomic}
   size_t MarkStackSize                            = 4194304                                   {product} {ergonomic}
   size_t MaxHeapSize                              = 2109734912                                {product} {ergonomic}
   size_t MinHeapDeltaBytes                        = 1048576                                   {product} {ergonomic}
   size_t MinHeapSize                              = 8388608                                   {product} {ergonomic}
    uintx NonNMethodCodeHeapSize                   = 5832780                                {pd product} {ergonomic}
    uintx NonProfiledCodeHeapSize                  = 122912730                              {pd product} {ergonomic}
    uintx ProfiledCodeHeapSize                     = 122912730                              {pd product} {ergonomic}
    uintx ReservedCodeCacheSize                    = 251658240                              {pd product} {ergonomic}
     bool SegmentedCodeCache                       = true                                      {product} {ergonomic}
   size_t SoftMaxHeapSize                          = 2109734912                             {manageable} {ergonomic}
     bool UseCompressedOops                        = true                           {product lp64_product} {ergonomic}
     bool UseG1GC                                  = true                                      {product} {ergonomic}
     bool UseLargePagesIndividualAllocation        = false                                  {pd product} {ergonomic}

Logging:
Log output configuration:
 #0: stdout all=warning uptime,level,tags foldmultilines=false
 #1: stderr all=off uptime,level,tags foldmultilines=false

Environment Variables:
JAVA_HOME=C:\Program Files\jdk-21.0.2
PATH=C:\ProgramData\Oracle\Java\javapath;C:\Program Files (x86)\Intel\iCLS Client\;C:\Program Files\Intel\iCLS Client\;C:\WINDOWS\system32;C:\WINDOWS;C:\WINDOWS\System32\Wbem;C:\WINDOWS\System32\WindowsPowerShell\v1.0\;C:\Program Files\Intel\Intel(R) Management Engine Components\DAL;C:\Program Files\Intel\Intel(R) Management Engine Components\IPT;C:\Program Files (x86)\Intel\Intel(R) Management Engine Components\DAL;C:\Program Files (x86)\Intel\Intel(R) Management Engine Components\IPT;C:\WINDOWS\System32\OpenSSH\;C:\Program Files\Git\cmd;C:\Program Files\jdk-21.0.2\bin;;C:\Program Files\Docker\Docker\resources\bin;C:\Program Files;C:\Program Files\curl-8.8.0_2-win64-mingw;C:\Program Files\jdk-17.0.11\bin;C:\Program Files\jdk-22.0.1\bin;C:\Program Files\MySQL\MySQL Server 8.0\bin;C:\Program Files\JetBrains\IntelliJ IDEA 2024.1.4\bin;;
USERNAME=Марина
OS=Windows_NT
PROCESSOR_IDENTIFIER=Intel64 Family 6 Model 42 Stepping 7, GenuineIntel
TMP=C:\Users\0D39~1\AppData\Local\Temp
TEMP=C:\Users\0D39~1\AppData\Local\Temp




Periodic native trim disabled

---------------  S Y S T E M  ---------------

OS:
 Windows 10 , 64 bit Build 19041 (10.0.19041.4957)
OS uptime: 2 days 23:25 hours
Hyper-V role detected

CPU: total 4 (initial active 4) (2 cores per cpu, 2 threads per core) family 6 model 42 stepping 7 microcode 0x2f, cx8, cmov, fxsr, ht, mmx, sse, sse2, sse3, ssse3, sse4.1, sse4.2, popcnt, tsc, tscinvbit, avx, aes, clmul, vzeroupper, clflush, hv, rdtscp
Processor Information for all 4 processors :
  Max Mhz: 2501, Current Mhz: 2501, Mhz Limit: 2501

Memory: 4k page, system-wide physical 8043M (459M free)
TotalPageFile size 12043M (AvailPageFile size 103M)
current process WorkingSet (physical memory assigned to process): 13M, peak: 13M
current process commit charge ("private bytes"): 53M, peak: 179M

vm_info: Java HotSpot(TM) 64-Bit Server VM (22.0.1+8-16) for windows-amd64 JRE (22.0.1+8-16), built on 2024-03-12T10:33:16Z by "mach5one" with MS VC++ 17.6 (VS2022)

END.
