#
# There is insufficient memory for the Java Runtime Environment to continue.
# Native memory allocation (malloc) failed to allocate 32744 bytes. Error detail: Chunk::new
# Possible reasons:
#   The system is out of physical RAM or swap space
#   This process is running with CompressedOops enabled, and the Java Heap may be blocking the growth of the native heap
# Possible solutions:
#   Reduce memory load on the system
#   Increase physical memory or swap space
#   Check if swap backing store is full
#   Decrease Java heap size (-Xmx/-Xms)
#   Decrease number of Java threads
#   Decrease Java thread stack sizes (-Xss)
#   Set larger code cache with -XX:ReservedCodeCacheSize=
#   JVM is running with Unscaled Compressed Oops mode in which the Java heap is
#     placed in the first 4GB address space. The Java Heap base address is the
#     maximum limit for the native heap growth. Please use -XX:HeapBaseMinAddress
#     to set the Java Heap base and to place the Java Heap above 4GB virtual address.
# This output file may be truncated or incomplete.
#
#  Out of Memory Error (arena.cpp:150), pid=1836, tid=8420
#
# JRE version: Java(TM) SE Runtime Environment (22.0.1+8) (build 22.0.1+8-16)
# Java VM: Java HotSpot(TM) 64-Bit Server VM (22.0.1+8-16, mixed mode, sharing, tiered, compressed oops, compressed class ptrs, g1 gc, windows-amd64)
# No core dump will be written. Minidumps are not enabled by default on client versions of Windows
#

---------------  S U M M A R Y ------------

Command Line: -Dmaven.multiModuleProjectDirectory=C:\Users\Марина\IdeaProjects\cloudStorage -Djansi.passthrough=true -Dmaven.home=C:\Users\Марина\.m2\wrapper\dists\apache-maven-3.9.9-bin\4nf9hui3q3djbarqar9g711ggc\apache-maven-3.9.9 -Dclassworlds.conf=C:\Users\Марина\.m2\wrapper\dists\apache-maven-3.9.9-bin\4nf9hui3q3djbarqar9g711ggc\apache-maven-3.9.9\bin\m2.conf -Dmaven.ext.class.path=C:\Program Files\JetBrains\IntelliJIdea2024.1.4\plugins\maven\lib\maven-event-listener.jar -javaagent:C:\Program Files\JetBrains\IntelliJIdea2024.1.4\lib\idea_rt.jar=57071:C:\Program Files\JetBrains\IntelliJIdea2024.1.4\bin -Dfile.encoding=UTF-8 -Dsun.stdout.encoding=UTF-8 -Dsun.stderr.encoding=UTF-8 org.codehaus.classworlds.Launcher -Didea.version=2024.1.4 package

Host: Intel(R) Core(TM) i5-2450M CPU @ 2.50GHz, 4 cores, 7G,  Windows 10 , 64 bit Build 19041 (10.0.19041.4957)
Time: Tue Nov  5 19:35:31 2024 RTZ 2 (s 10 , 64 bit Build 19041 (10.0.19041.4957) elapsed time: 20.714104 seconds (0d 0h 0m 20s)

---------------  T H R E A D  ---------------

Current thread (0x00000205e72ce300):  JavaThread "C2 CompilerThread1" daemon [_thread_in_native, id=8420, stack(0x000000c330c00000,0x000000c330d00000) (1024K)]


Current CompileTask:
C2:20714 8637       4       org.codehaus.plexus.classworlds.realm.ClassRealm::loadClass (7 bytes)

Stack: [0x000000c330c00000,0x000000c330d00000]
Native frames: (J=compiled Java code, j=interpreted, Vv=VM code, C=native code)
V  [jvm.dll+0x6e2279]  (no source info available)
V  [jvm.dll+0x874e33]  (no source info available)
V  [jvm.dll+0x87725e]  (no source info available)
V  [jvm.dll+0x877933]  (no source info available)
V  [jvm.dll+0x27fd76]  (no source info available)
V  [jvm.dll+0xc3d0f]  (no source info available)
V  [jvm.dll+0xc3f6b]  (no source info available)
V  [jvm.dll+0x3c03a5]  (no source info available)
V  [jvm.dll+0x5ed6c4]  (no source info available)
V  [jvm.dll+0x387b9a]  (no source info available)
V  [jvm.dll+0x386fda]  (no source info available)
V  [jvm.dll+0x247918]  (no source info available)
V  [jvm.dll+0x246fbf]  (no source info available)
V  [jvm.dll+0x1c4e90]  (no source info available)
V  [jvm.dll+0x2569fe]  (no source info available)
V  [jvm.dll+0x254cba]  (no source info available)
V  [jvm.dll+0x3f5336]  (no source info available)
V  [jvm.dll+0x81d44b]  (no source info available)
V  [jvm.dll+0x6e0915]  (no source info available)
C  [ucrtbase.dll+0x21bb2]  (no source info available)
C  [KERNEL32.DLL+0x17374]  (no source info available)
C  [ntdll.dll+0x4cc91]  (no source info available)


---------------  P R O C E S S  ---------------

Threads class SMR info:
_java_thread_list=0x00000205e93c8090, length=20, elements={
0x00000205825c7f00, 0x000002059e2ee3c0, 0x00000205a0740440, 0x00000205a0745550,
0x00000205a074a410, 0x00000205a074ae70, 0x00000205a074b8d0, 0x00000205a074e680,
0x00000205a0752630, 0x00000205a082e7c0, 0x00000205a0a21fb0, 0x00000205a0a22a20,
0x00000205e6f133e0, 0x00000205e72ce300, 0x00000205e7de5050, 0x00000205e684a070,
0x00000205e684bab0, 0x00000205e684c140, 0x00000205e684a700, 0x00000205e684ad90
}

Java Threads: ( => current thread )
  0x00000205825c7f00 JavaThread "main"                              [_thread_in_native, id=6152, stack(0x000000c32f900000,0x000000c32fa00000) (1024K)]
  0x000002059e2ee3c0 JavaThread "Reference Handler"          daemon [_thread_blocked, id=15584, stack(0x000000c330100000,0x000000c330200000) (1024K)]
  0x00000205a0740440 JavaThread "Finalizer"                  daemon [_thread_blocked, id=10268, stack(0x000000c330200000,0x000000c330300000) (1024K)]
  0x00000205a0745550 JavaThread "Signal Dispatcher"          daemon [_thread_blocked, id=5332, stack(0x000000c330300000,0x000000c330400000) (1024K)]
  0x00000205a074a410 JavaThread "Attach Listener"            daemon [_thread_blocked, id=5912, stack(0x000000c330400000,0x000000c330500000) (1024K)]
  0x00000205a074ae70 JavaThread "Service Thread"             daemon [_thread_blocked, id=5088, stack(0x000000c330500000,0x000000c330600000) (1024K)]
  0x00000205a074b8d0 JavaThread "Monitor Deflation Thread"   daemon [_thread_blocked, id=15796, stack(0x000000c330600000,0x000000c330700000) (1024K)]
  0x00000205a074e680 JavaThread "C2 CompilerThread0"         daemon [_thread_in_native, id=3100, stack(0x000000c330700000,0x000000c330800000) (1024K)]
  0x00000205a0752630 JavaThread "C1 CompilerThread0"         daemon [_thread_blocked, id=1864, stack(0x000000c330800000,0x000000c330900000) (1024K)]
  0x00000205a082e7c0 JavaThread "Common-Cleaner"             daemon [_thread_blocked, id=3616, stack(0x000000c330900000,0x000000c330a00000) (1024K)]
  0x00000205a0a21fb0 JavaThread "Monitor Ctrl-Break"         daemon [_thread_in_native, id=10488, stack(0x000000c330a00000,0x000000c330b00000) (1024K)]
  0x00000205a0a22a20 JavaThread "Notification Thread"        daemon [_thread_blocked, id=10464, stack(0x000000c330b00000,0x000000c330c00000) (1024K)]
  0x00000205e6f133e0 JavaThread "Thread-1"                   daemon [_thread_blocked, id=6804, stack(0x000000c331000000,0x000000c331100000) (1024K)]
=>0x00000205e72ce300 JavaThread "C2 CompilerThread1"         daemon [_thread_in_native, id=8420, stack(0x000000c330c00000,0x000000c330d00000) (1024K)]
  0x00000205e7de5050 JavaThread "timeout-check-timer"        daemon [_thread_blocked, id=11500, stack(0x000000c331100000,0x000000c331200000) (1024K)]
  0x00000205e684a070 JavaThread "ping-timer-10s"             daemon [_thread_blocked, id=10920, stack(0x000000c331200000,0x000000c331300000) (1024K)]
  0x00000205e684bab0 JavaThread "ThreadedStreamConsumer"     daemon [_thread_blocked, id=8168, stack(0x000000c331300000,0x000000c331400000) (1024K)]
  0x00000205e684c140 JavaThread "fork-1-err-thread"          daemon [_thread_in_native, id=5328, stack(0x000000c331400000,0x000000c331500000) (1024K)]
  0x00000205e684a700 JavaThread "commands-fork-1"            daemon [_thread_blocked, id=2108, stack(0x000000c331500000,0x000000c331600000) (1024K)]
  0x00000205e684ad90 JavaThread "fork-1-event-thread"        daemon [_thread_in_native, id=1292, stack(0x000000c331600000,0x000000c331700000) (1024K)]
Total: 20

Other Threads:
  0x000002059e2d69f0 VMThread "VM Thread"                           [id=6532, stack(0x000000c330000000,0x000000c330100000) (1024K)]
  0x000002059e2bb780 WatcherThread "VM Periodic Task Thread"        [id=14044, stack(0x000000c32ff00000,0x000000c330000000) (1024K)]
  0x00000205846f7590 WorkerThread "GC Thread#0"                     [id=3016, stack(0x000000c32fa00000,0x000000c32fb00000) (1024K)]
  0x00000205e63e4f00 WorkerThread "GC Thread#1"                     [id=13400, stack(0x000000c330d00000,0x000000c330e00000) (1024K)]
  0x00000205e6544040 WorkerThread "GC Thread#2"                     [id=6112, stack(0x000000c330e00000,0x000000c330f00000) (1024K)]
  0x00000205e63b99f0 WorkerThread "GC Thread#3"                     [id=15144, stack(0x000000c330f00000,0x000000c331000000) (1024K)]
  0x00000205847092c0 ConcurrentGCThread "G1 Main Marker"            [id=7308, stack(0x000000c32fb00000,0x000000c32fc00000) (1024K)]
  0x000002058470a940 WorkerThread "G1 Conc#0"                       [id=5280, stack(0x000000c32fc00000,0x000000c32fd00000) (1024K)]
  0x000002059e18b070 ConcurrentGCThread "G1 Refine#0"               [id=4748, stack(0x000000c32fd00000,0x000000c32fe00000) (1024K)]
  0x000002059e18bbf0 ConcurrentGCThread "G1 Service"                [id=15752, stack(0x000000c32fe00000,0x000000c32ff00000) (1024K)]
Total: 10

Threads with active compile tasks:
C2 CompilerThread0  21064 8394   !   4       java.lang.ClassLoader::loadClass (121 bytes)
C2 CompilerThread1  21064 8637       4       org.codehaus.plexus.classworlds.realm.ClassRealm::loadClass (7 bytes)
Total: 2

VM state: not at safepoint (normal execution)

VM Mutex/Monitor currently owned by a thread: None

Heap address: 0x0000000082400000, size: 2012 MB, Compressed Oops mode: 32-bit

CDS archive(s) mapped at: [0x00000205a1000000-0x00000205a1c60000-0x00000205a1c60000), size 12976128, SharedBaseAddress: 0x00000205a1000000, ArchiveRelocationMode: 1.
Compressed class space mapped at: 0x00000205a2000000-0x00000205e2000000, reserved size: 1073741824
Narrow klass base: 0x00000205a1000000, Narrow klass shift: 0, Narrow klass range: 0x41000000

GC Precious Log:
 CardTable entry size: 512
 Card Set container configuration: InlinePtr #cards 5 size 8 Array Of Cards #cards 12 size 40 Howl #buckets 4 coarsen threshold 1843 Howl Bitmap #cards 512 size 80 coarsen threshold 460 Card regions per heap region 1 cards per card region 2048
 CPUs: 4 total, 4 available
 Memory: 8043M
 Large Page Support: Disabled
 NUMA Support: Disabled
 Compressed Oops: Enabled (32-bit)
 Heap Region Size: 1M
 Heap Min Capacity: 8M
 Heap Initial Capacity: 126M
 Heap Max Capacity: 2012M
 Pre-touch: Disabled
 Parallel Workers: 4
 Concurrent Workers: 1
 Concurrent Refinement Workers: 4
 Periodic GC: Disabled

Heap:
 garbage-first heap   total reserved 2060288K, committed 112640K, used 86068K [0x0000000082400000, 0x0000000100000000)
  region size 1024K, 32 young (32768K), 4 survivors (4096K)
 Metaspace       used 33938K, committed 34496K, reserved 1114112K
  class space    used 3897K, committed 4160K, reserved 1048576K

Heap Regions: E=young(eden), S=young(survivor), O=old, HS=humongous(starts), HC=humongous(continues), CS=collection set, F=free, TAMS=top-at-mark-start, PB=parsable bottom
|   0|0x0000000082400000, 0x0000000082500000, 0x0000000082500000|100%| O|  |TAMS 0x0000000082400000| PB 0x0000000082400000| Untracked |  0
|   1|0x0000000082500000, 0x0000000082600000, 0x0000000082600000|100%| O|  |TAMS 0x0000000082500000| PB 0x0000000082500000| Untracked |  0
|   2|0x0000000082600000, 0x0000000082700000, 0x0000000082700000|100%| O|  |TAMS 0x0000000082600000| PB 0x0000000082600000| Untracked |  0
|   3|0x0000000082700000, 0x0000000082800000, 0x0000000082800000|100%| O|  |TAMS 0x0000000082700000| PB 0x0000000082700000| Untracked |  0
|   4|0x0000000082800000, 0x0000000082900000, 0x0000000082900000|100%| O|  |TAMS 0x0000000082800000| PB 0x0000000082800000| Untracked |  0
|   5|0x0000000082900000, 0x0000000082a00000, 0x0000000082a00000|100%| O|  |TAMS 0x0000000082900000| PB 0x0000000082900000| Untracked |  0
|   6|0x0000000082a00000, 0x0000000082b00000, 0x0000000082b00000|100%| O|  |TAMS 0x0000000082a00000| PB 0x0000000082a00000| Untracked |  0
|   7|0x0000000082b00000, 0x0000000082c00000, 0x0000000082c00000|100%| O|  |TAMS 0x0000000082b00000| PB 0x0000000082b00000| Untracked |  0
|   8|0x0000000082c00000, 0x0000000082d00000, 0x0000000082d00000|100%| O|  |TAMS 0x0000000082c00000| PB 0x0000000082c00000| Untracked |  0
|   9|0x0000000082d00000, 0x0000000082e00000, 0x0000000082e00000|100%| O|  |TAMS 0x0000000082d00000| PB 0x0000000082d00000| Untracked |  0
|  10|0x0000000082e00000, 0x0000000082f00000, 0x0000000082f00000|100%| O|  |TAMS 0x0000000082e00000| PB 0x0000000082e00000| Untracked |  0
|  11|0x0000000082f00000, 0x0000000082f00000, 0x0000000083000000|  0%| F|  |TAMS 0x0000000082f00000| PB 0x0000000082f00000| Untracked |  0
|  12|0x0000000083000000, 0x0000000083100000, 0x0000000083100000|100%| O|  |TAMS 0x0000000083000000| PB 0x0000000083000000| Untracked |  0
|  13|0x0000000083100000, 0x0000000083200000, 0x0000000083200000|100%| O|  |TAMS 0x0000000083100000| PB 0x0000000083100000| Untracked |  0
|  14|0x0000000083200000, 0x0000000083300000, 0x0000000083300000|100%|HS|  |TAMS 0x0000000083200000| PB 0x0000000083200000| Complete |  0
|  15|0x0000000083300000, 0x0000000083400000, 0x0000000083400000|100%|HC|  |TAMS 0x0000000083300000| PB 0x0000000083300000| Complete |  0
|  16|0x0000000083400000, 0x0000000083400000, 0x0000000083500000|  0%| F|  |TAMS 0x0000000083400000| PB 0x0000000083400000| Untracked |  0
|  17|0x0000000083500000, 0x0000000083600000, 0x0000000083600000|100%| O|  |TAMS 0x0000000083500000| PB 0x0000000083500000| Untracked |  0
|  18|0x0000000083600000, 0x0000000083700000, 0x0000000083700000|100%| O|  |TAMS 0x0000000083600000| PB 0x0000000083600000| Untracked |  0
|  19|0x0000000083700000, 0x0000000083800000, 0x0000000083800000|100%| O|  |TAMS 0x0000000083700000| PB 0x0000000083700000| Untracked |  0
|  20|0x0000000083800000, 0x0000000083900000, 0x0000000083900000|100%| O|  |TAMS 0x0000000083800000| PB 0x0000000083800000| Untracked |  0
|  21|0x0000000083900000, 0x0000000083a00000, 0x0000000083a00000|100%| O|  |TAMS 0x0000000083900000| PB 0x0000000083900000| Untracked |  0
|  22|0x0000000083a00000, 0x0000000083a00000, 0x0000000083b00000|  0%| F|  |TAMS 0x0000000083a00000| PB 0x0000000083a00000| Untracked |  0
|  23|0x0000000083b00000, 0x0000000083c00000, 0x0000000083c00000|100%|HS|  |TAMS 0x0000000083b00000| PB 0x0000000083b00000| Complete |  0
|  24|0x0000000083c00000, 0x0000000083d00000, 0x0000000083d00000|100%|HC|  |TAMS 0x0000000083c00000| PB 0x0000000083c00000| Complete |  0
|  25|0x0000000083d00000, 0x0000000083e00000, 0x0000000083e00000|100%| O|  |TAMS 0x0000000083d00000| PB 0x0000000083d00000| Untracked |  0
|  26|0x0000000083e00000, 0x0000000083f00000, 0x0000000083f00000|100%| O|  |TAMS 0x0000000083e00000| PB 0x0000000083e00000| Untracked |  0
|  27|0x0000000083f00000, 0x0000000083f00000, 0x0000000084000000|  0%| F|  |TAMS 0x0000000083f00000| PB 0x0000000083f00000| Untracked |  0
|  28|0x0000000084000000, 0x0000000084000000, 0x0000000084100000|  0%| F|  |TAMS 0x0000000084000000| PB 0x0000000084000000| Untracked |  0
|  29|0x0000000084100000, 0x0000000084100000, 0x0000000084200000|  0%| F|  |TAMS 0x0000000084100000| PB 0x0000000084100000| Untracked |  0
|  30|0x0000000084200000, 0x0000000084300000, 0x0000000084300000|100%| O|  |TAMS 0x0000000084200000| PB 0x0000000084200000| Untracked |  0
|  31|0x0000000084300000, 0x0000000084400000, 0x0000000084400000|100%| O|  |TAMS 0x0000000084300000| PB 0x0000000084300000| Untracked |  0
|  32|0x0000000084400000, 0x0000000084500000, 0x0000000084500000|100%| O|  |TAMS 0x0000000084400000| PB 0x0000000084400000| Untracked |  0
|  33|0x0000000084500000, 0x0000000084600000, 0x0000000084600000|100%| O|  |TAMS 0x0000000084500000| PB 0x0000000084500000| Untracked |  0
|  34|0x0000000084600000, 0x0000000084600000, 0x0000000084700000|  0%| F|  |TAMS 0x0000000084600000| PB 0x0000000084600000| Untracked |  0
|  35|0x0000000084700000, 0x0000000084700000, 0x0000000084800000|  0%| F|  |TAMS 0x0000000084700000| PB 0x0000000084700000| Untracked |  0
|  36|0x0000000084800000, 0x0000000084900000, 0x0000000084900000|100%| O|  |TAMS 0x0000000084800000| PB 0x0000000084800000| Untracked |  0
|  37|0x0000000084900000, 0x0000000084a00000, 0x0000000084a00000|100%| O|  |TAMS 0x0000000084900000| PB 0x0000000084900000| Untracked |  0
|  38|0x0000000084a00000, 0x0000000084b00000, 0x0000000084b00000|100%|HS|  |TAMS 0x0000000084a00000| PB 0x0000000084a00000| Complete |  0
|  39|0x0000000084b00000, 0x0000000084c00000, 0x0000000084c00000|100%| O|  |TAMS 0x0000000084b00000| PB 0x0000000084b00000| Untracked |  0
|  40|0x0000000084c00000, 0x0000000084d00000, 0x0000000084d00000|100%| O|  |TAMS 0x0000000084c00000| PB 0x0000000084c00000| Untracked |  0
|  41|0x0000000084d00000, 0x0000000084e00000, 0x0000000084e00000|100%| O|  |TAMS 0x0000000084d00000| PB 0x0000000084d00000| Untracked |  0
|  42|0x0000000084e00000, 0x0000000084f00000, 0x0000000084f00000|100%| O|  |TAMS 0x0000000084e00000| PB 0x0000000084e00000| Untracked |  0
|  43|0x0000000084f00000, 0x0000000085000000, 0x0000000085000000|100%| O|  |TAMS 0x0000000084f00000| PB 0x0000000084f00000| Untracked |  0
|  44|0x0000000085000000, 0x0000000085100000, 0x0000000085100000|100%| O|  |TAMS 0x0000000085000000| PB 0x0000000085000000| Untracked |  0
|  45|0x0000000085100000, 0x0000000085200000, 0x0000000085200000|100%| O|  |TAMS 0x0000000085100000| PB 0x0000000085100000| Untracked |  0
|  46|0x0000000085200000, 0x0000000085300000, 0x0000000085300000|100%|HS|  |TAMS 0x0000000085200000| PB 0x0000000085200000| Complete |  0
|  47|0x0000000085300000, 0x0000000085400000, 0x0000000085400000|100%|HC|  |TAMS 0x0000000085300000| PB 0x0000000085300000| Complete |  0
|  48|0x0000000085400000, 0x0000000085500000, 0x0000000085500000|100%| O|  |TAMS 0x0000000085400000| PB 0x0000000085400000| Untracked |  0
|  49|0x0000000085500000, 0x0000000085600000, 0x0000000085600000|100%| O|  |TAMS 0x0000000085500000| PB 0x0000000085500000| Untracked |  0
|  50|0x0000000085600000, 0x0000000085700000, 0x0000000085700000|100%| O|  |TAMS 0x0000000085600000| PB 0x0000000085600000| Untracked |  0
|  51|0x0000000085700000, 0x0000000085700000, 0x0000000085800000|  0%| F|  |TAMS 0x0000000085700000| PB 0x0000000085700000| Untracked |  0
|  52|0x0000000085800000, 0x0000000085900000, 0x0000000085900000|100%| O|  |TAMS 0x0000000085800000| PB 0x0000000085800000| Untracked |  0
|  53|0x0000000085900000, 0x0000000085a00000, 0x0000000085a00000|100%| O|  |TAMS 0x0000000085900000| PB 0x0000000085900000| Untracked |  0
|  54|0x0000000085a00000, 0x0000000085b00000, 0x0000000085b00000|100%| O|  |TAMS 0x0000000085a00000| PB 0x0000000085a00000| Untracked |  0
|  55|0x0000000085b00000, 0x0000000085c00000, 0x0000000085c00000|100%| O|  |TAMS 0x0000000085b00000| PB 0x0000000085b00000| Untracked |  0
|  56|0x0000000085c00000, 0x0000000085d00000, 0x0000000085d00000|100%| O|  |TAMS 0x0000000085c00000| PB 0x0000000085c00000| Untracked |  0
|  57|0x0000000085d00000, 0x0000000085e00000, 0x0000000085e00000|100%| O|  |TAMS 0x0000000085d00000| PB 0x0000000085d00000| Untracked |  0
|  58|0x0000000085e00000, 0x0000000085f00000, 0x0000000085f00000|100%| O|  |TAMS 0x0000000085e00000| PB 0x0000000085e00000| Untracked |  0
|  59|0x0000000085f00000, 0x0000000086000000, 0x0000000086000000|100%| O|  |TAMS 0x0000000085f00000| PB 0x0000000085f00000| Untracked |  0
|  60|0x0000000086000000, 0x0000000086100000, 0x0000000086100000|100%| O|  |TAMS 0x0000000086000000| PB 0x0000000086000000| Untracked |  0
|  61|0x0000000086100000, 0x0000000086200000, 0x0000000086200000|100%| O|  |TAMS 0x0000000086100000| PB 0x0000000086100000| Untracked |  0
|  62|0x0000000086200000, 0x0000000086300000, 0x0000000086300000|100%| O|  |TAMS 0x0000000086200000| PB 0x0000000086200000| Untracked |  0
|  63|0x0000000086300000, 0x00000000863c1458, 0x0000000086400000| 75%| O|  |TAMS 0x0000000086300000| PB 0x0000000086300000| Untracked |  0
|  64|0x0000000086400000, 0x0000000086400000, 0x0000000086500000|  0%| F|  |TAMS 0x0000000086400000| PB 0x0000000086400000| Untracked |  0
|  65|0x0000000086500000, 0x0000000086500000, 0x0000000086600000|  0%| F|  |TAMS 0x0000000086500000| PB 0x0000000086500000| Untracked |  0
|  66|0x0000000086600000, 0x0000000086600000, 0x0000000086700000|  0%| F|  |TAMS 0x0000000086600000| PB 0x0000000086600000| Untracked |  0
|  67|0x0000000086700000, 0x0000000086700000, 0x0000000086800000|  0%| F|  |TAMS 0x0000000086700000| PB 0x0000000086700000| Untracked |  0
|  68|0x0000000086800000, 0x0000000086800000, 0x0000000086900000|  0%| F|  |TAMS 0x0000000086800000| PB 0x0000000086800000| Untracked |  0
|  69|0x0000000086900000, 0x0000000086900000, 0x0000000086a00000|  0%| F|  |TAMS 0x0000000086900000| PB 0x0000000086900000| Untracked |  0
|  70|0x0000000086a00000, 0x0000000086a00000, 0x0000000086b00000|  0%| F|  |TAMS 0x0000000086a00000| PB 0x0000000086a00000| Untracked |  0
|  71|0x0000000086b00000, 0x0000000086b00000, 0x0000000086c00000|  0%| F|  |TAMS 0x0000000086b00000| PB 0x0000000086b00000| Untracked |  0
|  72|0x0000000086c00000, 0x0000000086c00000, 0x0000000086d00000|  0%| F|  |TAMS 0x0000000086c00000| PB 0x0000000086c00000| Untracked |  0
|  73|0x0000000086d00000, 0x0000000086d00000, 0x0000000086e00000|  0%| F|  |TAMS 0x0000000086d00000| PB 0x0000000086d00000| Untracked |  0
|  74|0x0000000086e00000, 0x0000000086e00000, 0x0000000086f00000|  0%| F|  |TAMS 0x0000000086e00000| PB 0x0000000086e00000| Untracked |  0
|  75|0x0000000086f00000, 0x0000000086f00000, 0x0000000087000000|  0%| F|  |TAMS 0x0000000086f00000| PB 0x0000000086f00000| Untracked |  0
|  76|0x0000000087000000, 0x0000000087000000, 0x0000000087100000|  0%| F|  |TAMS 0x0000000087000000| PB 0x0000000087000000| Untracked |  0
|  77|0x0000000087100000, 0x000000008714bf30, 0x0000000087200000| 29%| S|CS|TAMS 0x0000000087100000| PB 0x0000000087100000| Complete |  0
|  78|0x0000000087200000, 0x0000000087300000, 0x0000000087300000|100%| S|CS|TAMS 0x0000000087200000| PB 0x0000000087200000| Complete |  0
|  79|0x0000000087300000, 0x0000000087400000, 0x0000000087400000|100%| S|CS|TAMS 0x0000000087300000| PB 0x0000000087300000| Complete |  0
|  80|0x0000000087400000, 0x0000000087500000, 0x0000000087500000|100%| S|CS|TAMS 0x0000000087400000| PB 0x0000000087400000| Complete |  0
|  81|0x0000000087500000, 0x0000000087500000, 0x0000000087600000|  0%| F|  |TAMS 0x0000000087500000| PB 0x0000000087500000| Untracked |  0
|  82|0x0000000087600000, 0x0000000087679db0, 0x0000000087700000| 47%| E|  |TAMS 0x0000000087600000| PB 0x0000000087600000| Complete |  0
|  83|0x0000000087700000, 0x0000000087800000, 0x0000000087800000|100%| E|CS|TAMS 0x0000000087700000| PB 0x0000000087700000| Complete |  0
|  84|0x0000000087800000, 0x0000000087900000, 0x0000000087900000|100%| E|CS|TAMS 0x0000000087800000| PB 0x0000000087800000| Complete |  0
|  85|0x0000000087900000, 0x0000000087a00000, 0x0000000087a00000|100%| E|CS|TAMS 0x0000000087900000| PB 0x0000000087900000| Complete |  0
|  86|0x0000000087a00000, 0x0000000087b00000, 0x0000000087b00000|100%| E|CS|TAMS 0x0000000087a00000| PB 0x0000000087a00000| Complete |  0
|  87|0x0000000087b00000, 0x0000000087c00000, 0x0000000087c00000|100%| E|CS|TAMS 0x0000000087b00000| PB 0x0000000087b00000| Complete |  0
|  88|0x0000000087c00000, 0x0000000087d00000, 0x0000000087d00000|100%| E|CS|TAMS 0x0000000087c00000| PB 0x0000000087c00000| Complete |  0
|  89|0x0000000087d00000, 0x0000000087e00000, 0x0000000087e00000|100%| E|CS|TAMS 0x0000000087d00000| PB 0x0000000087d00000| Complete |  0
|  90|0x0000000087e00000, 0x0000000087f00000, 0x0000000087f00000|100%| E|CS|TAMS 0x0000000087e00000| PB 0x0000000087e00000| Complete |  0
|  91|0x0000000087f00000, 0x0000000088000000, 0x0000000088000000|100%| E|CS|TAMS 0x0000000087f00000| PB 0x0000000087f00000| Complete |  0
|  92|0x0000000088000000, 0x0000000088100000, 0x0000000088100000|100%| E|CS|TAMS 0x0000000088000000| PB 0x0000000088000000| Complete |  0
|  93|0x0000000088100000, 0x0000000088200000, 0x0000000088200000|100%| E|CS|TAMS 0x0000000088100000| PB 0x0000000088100000| Complete |  0
|  94|0x0000000088200000, 0x0000000088300000, 0x0000000088300000|100%| E|CS|TAMS 0x0000000088200000| PB 0x0000000088200000| Complete |  0
|  95|0x0000000088300000, 0x0000000088400000, 0x0000000088400000|100%| E|CS|TAMS 0x0000000088300000| PB 0x0000000088300000| Complete |  0
|  96|0x0000000088400000, 0x0000000088500000, 0x0000000088500000|100%| E|CS|TAMS 0x0000000088400000| PB 0x0000000088400000| Complete |  0
|  97|0x0000000088500000, 0x0000000088600000, 0x0000000088600000|100%| E|CS|TAMS 0x0000000088500000| PB 0x0000000088500000| Complete |  0
|  98|0x0000000088600000, 0x0000000088700000, 0x0000000088700000|100%| E|CS|TAMS 0x0000000088600000| PB 0x0000000088600000| Complete |  0
|  99|0x0000000088700000, 0x0000000088800000, 0x0000000088800000|100%| E|CS|TAMS 0x0000000088700000| PB 0x0000000088700000| Complete |  0
| 100|0x0000000088800000, 0x0000000088900000, 0x0000000088900000|100%| E|CS|TAMS 0x0000000088800000| PB 0x0000000088800000| Complete |  0
| 101|0x0000000088900000, 0x0000000088a00000, 0x0000000088a00000|100%| E|CS|TAMS 0x0000000088900000| PB 0x0000000088900000| Complete |  0
| 102|0x0000000088a00000, 0x0000000088b00000, 0x0000000088b00000|100%| E|CS|TAMS 0x0000000088a00000| PB 0x0000000088a00000| Complete |  0
| 103|0x0000000088b00000, 0x0000000088c00000, 0x0000000088c00000|100%| E|CS|TAMS 0x0000000088b00000| PB 0x0000000088b00000| Complete |  0
| 125|0x000000008a100000, 0x000000008a200000, 0x000000008a200000|100%| E|CS|TAMS 0x000000008a100000| PB 0x000000008a100000| Complete |  0
|2007|0x00000000ffb00000, 0x00000000ffc00000, 0x00000000ffc00000|100%| E|CS|TAMS 0x00000000ffb00000| PB 0x00000000ffb00000| Complete |  0
|2008|0x00000000ffc00000, 0x00000000ffd00000, 0x00000000ffd00000|100%| E|  |TAMS 0x00000000ffc00000| PB 0x00000000ffc00000| Complete |  0
|2009|0x00000000ffd00000, 0x00000000ffe00000, 0x00000000ffe00000|100%| E|CS|TAMS 0x00000000ffd00000| PB 0x00000000ffd00000| Complete |  0
|2010|0x00000000ffe00000, 0x00000000fff00000, 0x00000000fff00000|100%| E|CS|TAMS 0x00000000ffe00000| PB 0x00000000ffe00000| Complete |  0
|2011|0x00000000fff00000, 0x0000000100000000, 0x0000000100000000|100%| E|CS|TAMS 0x00000000fff00000| PB 0x00000000fff00000| Complete |  0

Card table byte_map: [0x000002059bd90000,0x000002059c180000] _byte_map_base: 0x000002059b97e000

Marking Bits: (CMBitMap*) 0x00000205846f7ca0
 Bits: [0x000002059c180000, 0x000002059e0f0000)

Polling page: 0x0000020582500000

Metaspace:

Usage:
  Non-class:     29.34 MB used.
      Class:      3.81 MB used.
       Both:     33.14 MB used.

Virtual space:
  Non-class space:       64.00 MB reserved,      29.62 MB ( 46%) committed,  1 nodes.
      Class space:        1.00 GB reserved,       4.06 MB ( <1%) committed,  1 nodes.
             Both:        1.06 GB reserved,      33.69 MB (  3%) committed. 

Chunk freelists:
   Non-Class:  1.86 MB
       Class:  11.95 MB
        Both:  13.81 MB

MaxMetaspaceSize: unlimited
CompressedClassSpaceSize: 1.00 GB
Initial GC threshold: 21.00 MB
Current GC threshold: 51.38 MB
CDS: on
 - commit_granule_bytes: 65536.
 - commit_granule_words: 8192.
 - virtual_space_node_default_size: 8388608.
 - enlarge_chunks_in_place: 1.
 - use_allocation_guard: 0.


Internal statistics:

num_allocs_failed_limit: 6.
num_arena_births: 522.
num_arena_deaths: 4.
num_vsnodes_births: 2.
num_vsnodes_deaths: 0.
num_space_committed: 555.
num_space_uncommitted: 9.
num_chunks_returned_to_freelist: 90.
num_chunks_taken_from_freelist: 1827.
num_chunk_merges: 24.
num_chunk_splits: 1267.
num_chunks_enlarged: 971.
num_inconsistent_stats: 0.

CodeHeap 'non-profiled nmethods': size=120000Kb used=4264Kb max_used=4350Kb free=115735Kb
 bounds [0x0000020594470000, 0x00000205948d0000, 0x000002059b9a0000]
CodeHeap 'profiled nmethods': size=120000Kb used=15693Kb max_used=16583Kb free=104306Kb
 bounds [0x000002058c9a0000, 0x000002058d9e0000, 0x0000020593ed0000]
CodeHeap 'non-nmethods': size=5760Kb used=1534Kb max_used=1542Kb free=4225Kb
 bounds [0x0000020593ed0000, 0x0000020594140000, 0x0000020594470000]
 total_blobs=7878 nmethods=7276 adapters=506
 compilation: enabled
              stopped_count=0, restarted_count=0
 full_count=0

Compilation events (20 events):
Event: 19.025 Thread 0x00000205a0752630 8629       3       java.lang.ProcessEnvironment$CheckedEntrySet$1::next (20 bytes)
Event: 19.025 Thread 0x00000205e72ce300 nmethod 8596 0x00000205947e2310 code [0x00000205947e24a0, 0x00000205947e2588]
Event: 19.025 Thread 0x00000205a0752630 nmethod 8629 0x000002058d51e090 code [0x000002058d51e260, 0x000002058d51e6a8]
Event: 19.025 Thread 0x00000205e72ce300 8598   !   4       java.util.regex.Pattern::matcher (44 bytes)
Event: 19.025 Thread 0x00000205a0752630 8630       3       java.lang.ProcessEnvironment$CheckedEntry::<init> (10 bytes)
Event: 19.025 Thread 0x00000205a0752630 nmethod 8630 0x000002058d51dc90 code [0x000002058d51de20, 0x000002058d51dfd8]
Event: 19.027 Thread 0x00000205e72ce300 nmethod 8598 0x00000205947e1f10 code [0x00000205947e20a0, 0x00000205947e2218]
Event: 19.031 Thread 0x00000205a0752630 8631       3       java.lang.ProcessEnvironment$CheckedEntrySet$1::next (5 bytes)
Event: 19.031 Thread 0x00000205a0752630 nmethod 8631 0x000002058d51d490 code [0x000002058d51d660, 0x000002058d51db10]
Event: 19.031 Thread 0x00000205a0752630 8633       3       java.lang.ProcessEnvironment$NameComparator::compare (90 bytes)
Event: 19.033 Thread 0x00000205a0752630 nmethod 8633 0x000002058d51b710 code [0x000002058d51ba20, 0x000002058d51cc40]
Event: 19.033 Thread 0x00000205a0752630 8632       3       java.lang.ProcessEnvironment$CheckedEntry::getKey (5 bytes)
Event: 19.033 Thread 0x00000205a0752630 nmethod 8632 0x000002058d51b110 code [0x000002058d51b2c0, 0x000002058d51b5c8]
Event: 19.034 Thread 0x00000205a0752630 8634       3       java.lang.ProcessEnvironment$CheckedEntry::getKey (13 bytes)
Event: 19.034 Thread 0x00000205a0752630 nmethod 8634 0x000002058d51ab90 code [0x000002058d51ad40, 0x000002058d51afe8]
Event: 19.044 Thread 0x00000205a0752630 8636       3       java.lang.invoke.BootstrapMethodInvoker::widenAndCast (47 bytes)
Event: 19.045 Thread 0x00000205a0752630 nmethod 8636 0x000002058ca51a10 code [0x000002058ca51c80, 0x000002058ca525b0]
Event: 19.065 Thread 0x00000205e72ce300 8637       4       org.codehaus.plexus.classworlds.realm.ClassRealm::loadClass (7 bytes)
Event: 19.157 Thread 0x00000205a0752630 8639       1       java.util.concurrent.atomic.AtomicInteger::get (5 bytes)
Event: 19.157 Thread 0x00000205a0752630 nmethod 8639 0x00000205947e1910 code [0x00000205947e1aa0, 0x00000205947e1b68]

GC Heap History (20 events):
Event: 12.292 GC heap before
{Heap before GC invocations=7 (full 0):
 garbage-first heap   total reserved 2060288K, committed 91136K, used 72192K [0x0000000082400000, 0x0000000100000000)
  region size 1024K, 41 young (41984K), 7 survivors (7168K)
 Metaspace       used 28540K, committed 28928K, reserved 1114112K
  class space    used 3312K, committed 3520K, reserved 1048576K
}
Event: 12.305 GC heap after
{Heap after GC invocations=8 (full 0):
 garbage-first heap   total reserved 2060288K, committed 91136K, used 39936K [0x0000000082400000, 0x0000000100000000)
  region size 1024K, 2 young (2048K), 2 survivors (2048K)
 Metaspace       used 28540K, committed 28928K, reserved 1114112K
  class space    used 3312K, committed 3520K, reserved 1048576K
}
Event: 13.882 GC heap before
{Heap before GC invocations=8 (full 0):
 garbage-first heap   total reserved 2060288K, committed 91136K, used 74752K [0x0000000082400000, 0x0000000100000000)
  region size 1024K, 36 young (36864K), 2 survivors (2048K)
 Metaspace       used 30790K, committed 31296K, reserved 1114112K
  class space    used 3611K, committed 3840K, reserved 1048576K
}
Event: 13.892 GC heap after
{Heap after GC invocations=9 (full 0):
 garbage-first heap   total reserved 2060288K, committed 91136K, used 40215K [0x0000000082400000, 0x0000000100000000)
  region size 1024K, 4 young (4096K), 4 survivors (4096K)
 Metaspace       used 30790K, committed 31296K, reserved 1114112K
  class space    used 3611K, committed 3840K, reserved 1048576K
}
Event: 14.472 GC heap before
{Heap before GC invocations=9 (full 0):
 garbage-first heap   total reserved 2060288K, committed 91136K, used 49431K [0x0000000082400000, 0x0000000100000000)
  region size 1024K, 11 young (11264K), 4 survivors (4096K)
 Metaspace       used 30810K, committed 31296K, reserved 1114112K
  class space    used 3611K, committed 3840K, reserved 1048576K
}
Event: 14.485 GC heap after
{Heap after GC invocations=10 (full 0):
 garbage-first heap   total reserved 2060288K, committed 91136K, used 40362K [0x0000000082400000, 0x0000000100000000)
  region size 1024K, 2 young (2048K), 2 survivors (2048K)
 Metaspace       used 30810K, committed 31296K, reserved 1114112K
  class space    used 3611K, committed 3840K, reserved 1048576K
}
Event: 14.581 GC heap before
{Heap before GC invocations=10 (full 0):
 garbage-first heap   total reserved 2060288K, committed 91136K, used 49578K [0x0000000082400000, 0x0000000100000000)
  region size 1024K, 10 young (10240K), 2 survivors (2048K)
 Metaspace       used 30811K, committed 31296K, reserved 1114112K
  class space    used 3611K, committed 3840K, reserved 1048576K
}
Event: 14.599 GC heap after
{Heap after GC invocations=11 (full 0):
 garbage-first heap   total reserved 2060288K, committed 91136K, used 48128K [0x0000000082400000, 0x0000000100000000)
  region size 1024K, 5 young (5120K), 5 survivors (5120K)
 Metaspace       used 30811K, committed 31296K, reserved 1114112K
  class space    used 3611K, committed 3840K, reserved 1048576K
}
Event: 15.118 GC heap before
{Heap before GC invocations=12 (full 0):
 garbage-first heap   total reserved 2060288K, committed 91136K, used 70656K [0x0000000082400000, 0x0000000100000000)
  region size 1024K, 24 young (24576K), 5 survivors (5120K)
 Metaspace       used 30851K, committed 31360K, reserved 1114112K
  class space    used 3611K, committed 3840K, reserved 1048576K
}
Event: 15.138 GC heap after
{Heap after GC invocations=13 (full 0):
 garbage-first heap   total reserved 2060288K, committed 91136K, used 61348K [0x0000000082400000, 0x0000000100000000)
  region size 1024K, 3 young (3072K), 3 survivors (3072K)
 Metaspace       used 30851K, committed 31360K, reserved 1114112K
  class space    used 3611K, committed 3840K, reserved 1048576K
}
Event: 15.491 GC heap before
{Heap before GC invocations=13 (full 0):
 garbage-first heap   total reserved 2060288K, committed 91136K, used 75684K [0x0000000082400000, 0x0000000100000000)
  region size 1024K, 17 young (17408K), 3 survivors (3072K)
 Metaspace       used 30861K, committed 31360K, reserved 1114112K
  class space    used 3611K, committed 3840K, reserved 1048576K
}
Event: 15.502 GC heap after
{Heap after GC invocations=14 (full 0):
 garbage-first heap   total reserved 2060288K, committed 110592K, used 55808K [0x0000000082400000, 0x0000000100000000)
  region size 1024K, 3 young (3072K), 3 survivors (3072K)
 Metaspace       used 30861K, committed 31360K, reserved 1114112K
  class space    used 3611K, committed 3840K, reserved 1048576K
}
Event: 16.046 GC heap before
{Heap before GC invocations=14 (full 0):
 garbage-first heap   total reserved 2060288K, committed 110592K, used 82432K [0x0000000082400000, 0x0000000100000000)
  region size 1024K, 27 young (27648K), 3 survivors (3072K)
 Metaspace       used 30920K, committed 31424K, reserved 1114112K
  class space    used 3614K, committed 3840K, reserved 1048576K
}
Event: 16.063 GC heap after
{Heap after GC invocations=15 (full 0):
 garbage-first heap   total reserved 2060288K, committed 110592K, used 64128K [0x0000000082400000, 0x0000000100000000)
  region size 1024K, 4 young (4096K), 4 survivors (4096K)
 Metaspace       used 30920K, committed 31424K, reserved 1114112K
  class space    used 3614K, committed 3840K, reserved 1048576K
}
Event: 16.789 GC heap before
{Heap before GC invocations=15 (full 0):
 garbage-first heap   total reserved 2060288K, committed 110592K, used 85632K [0x0000000082400000, 0x0000000100000000)
  region size 1024K, 26 young (26624K), 4 survivors (4096K)
 Metaspace       used 31759K, committed 32320K, reserved 1114112K
  class space    used 3720K, committed 3968K, reserved 1048576K
}
Event: 16.799 GC heap after
{Heap after GC invocations=16 (full 0):
 garbage-first heap   total reserved 2060288K, committed 110592K, used 66415K [0x0000000082400000, 0x0000000100000000)
  region size 1024K, 2 young (2048K), 2 survivors (2048K)
 Metaspace       used 31759K, committed 32320K, reserved 1114112K
  class space    used 3720K, committed 3968K, reserved 1048576K
}
Event: 17.448 GC heap before
{Heap before GC invocations=17 (full 0):
 garbage-first heap   total reserved 2060288K, committed 112640K, used 88943K [0x0000000082400000, 0x0000000100000000)
  region size 1024K, 25 young (25600K), 2 survivors (2048K)
 Metaspace       used 30933K, committed 31552K, reserved 1114112K
  class space    used 3591K, committed 3968K, reserved 1048576K
}
Event: 17.455 GC heap after
{Heap after GC invocations=18 (full 0):
 garbage-first heap   total reserved 2060288K, committed 112640K, used 66705K [0x0000000082400000, 0x0000000100000000)
  region size 1024K, 2 young (2048K), 2 survivors (2048K)
 Metaspace       used 30933K, committed 31552K, reserved 1114112K
  class space    used 3591K, committed 3968K, reserved 1048576K
}
Event: 18.195 GC heap before
{Heap before GC invocations=18 (full 0):
 garbage-first heap   total reserved 2060288K, committed 112640K, used 93329K [0x0000000082400000, 0x0000000100000000)
  region size 1024K, 28 young (28672K), 2 survivors (2048K)
 Metaspace       used 31149K, committed 31808K, reserved 1114112K
  class space    used 3601K, committed 3968K, reserved 1048576K
}
Event: 18.211 GC heap after
{Heap after GC invocations=19 (full 0):
 garbage-first heap   total reserved 2060288K, committed 112640K, used 59444K [0x0000000082400000, 0x0000000100000000)
  region size 1024K, 4 young (4096K), 4 survivors (4096K)
 Metaspace       used 31149K, committed 31808K, reserved 1114112K
  class space    used 3601K, committed 3968K, reserved 1048576K
}

Dll operation events (12 events):
Event: 0.021 Loaded shared library C:\Program Files\jdk-22.0.1\bin\java.dll
Event: 0.082 Loaded shared library C:\Program Files\jdk-22.0.1\bin\jsvml.dll
Event: 0.288 Loaded shared library C:\Program Files\jdk-22.0.1\bin\zip.dll
Event: 0.296 Loaded shared library C:\Program Files\jdk-22.0.1\bin\instrument.dll
Event: 0.306 Loaded shared library C:\Program Files\jdk-22.0.1\bin\net.dll
Event: 0.309 Loaded shared library C:\Program Files\jdk-22.0.1\bin\nio.dll
Event: 0.319 Loaded shared library C:\Program Files\jdk-22.0.1\bin\zip.dll
Event: 0.369 Loaded shared library C:\Program Files\JetBrains\IntelliJIdea2024.1.4\bin\breakgen64.dll
Event: 0.388 Loaded shared library C:\Program Files\jdk-22.0.1\bin\extnet.dll
Event: 0.606 Loaded shared library C:\Program Files\jdk-22.0.1\bin\jimage.dll
Event: 0.637 Loaded shared library C:\Users\Марина\AppData\Local\Temp\jansi-2.4.1-575e7f7efe0720c6-jansi.dll
Event: 0.654 Loaded shared library C:\Program Files\jdk-22.0.1\bin\verify.dll

Deoptimization events (20 events):
Event: 19.002 Thread 0x00000205825c7f00 Uncommon trap: trap_request=0xffffff45 fr.pc=0x00000205947e8230 relative=0x0000000000000190
Event: 19.002 Thread 0x00000205825c7f00 Uncommon trap: reason=unstable_if action=reinterpret pc=0x00000205947e8230 method=java.util.zip.CRC32.updateBytesCheck([BII)V @ 1 c2
Event: 19.002 Thread 0x00000205825c7f00 DEOPT PACKING pc=0x00000205947e8230 sp=0x000000c32f9fdce0
Event: 19.003 Thread 0x00000205825c7f00 DEOPT UNPACKING pc=0x0000020593f246a2 sp=0x000000c32f9fdbd0 mode 2
Event: 19.112 Thread 0x00000205e684c140 Uncommon trap: trap_request=0xffffffc6 fr.pc=0x00000205944fd9e8 relative=0x0000000000000a68
Event: 19.112 Thread 0x00000205e684c140 Uncommon trap: reason=bimorphic_or_optimized_type_check action=maybe_recompile pc=0x00000205944fd9e8 method=java.util.regex.Matcher.getTextLength()I @ 4 c2
Event: 19.112 Thread 0x00000205e684c140 DEOPT PACKING pc=0x00000205944fd9e8 sp=0x000000c3314ff210
Event: 19.112 Thread 0x00000205e684c140 DEOPT UNPACKING pc=0x0000020593f246a2 sp=0x000000c3314ff0e8 mode 2
Event: 19.113 Thread 0x00000205e684c140 Uncommon trap: trap_request=0xffffff76 fr.pc=0x0000020594842688 relative=0x00000000000027a8
Event: 19.113 Thread 0x00000205e684c140 Uncommon trap: reason=predicate action=maybe_recompile pc=0x0000020594842688 method=java.util.regex.Pattern.compile()V @ 78 c2
Event: 19.113 Thread 0x00000205e684c140 DEOPT PACKING pc=0x0000020594842688 sp=0x000000c3314ff0f0
Event: 19.113 Thread 0x00000205e684c140 DEOPT UNPACKING pc=0x0000020593f246a2 sp=0x000000c3314ff0e0 mode 2
Event: 19.113 Thread 0x00000205e684c140 Uncommon trap: trap_request=0xffffff45 fr.pc=0x000002059465dd64 relative=0x00000000000000c4
Event: 19.113 Thread 0x00000205e684c140 Uncommon trap: reason=unstable_if action=reinterpret pc=0x000002059465dd64 method=java.lang.String.codePointAt(I)I @ 4 c2
Event: 19.113 Thread 0x00000205e684c140 DEOPT PACKING pc=0x000002059465dd64 sp=0x000000c3314ff0e0
Event: 19.113 Thread 0x00000205e684c140 DEOPT UNPACKING pc=0x0000020593f246a2 sp=0x000000c3314ff078 mode 2
Event: 19.113 Thread 0x00000205e684c140 Uncommon trap: trap_request=0xffffffc6 fr.pc=0x00000205946bc24c relative=0x000000000000028c
Event: 19.114 Thread 0x00000205e684c140 Uncommon trap: reason=bimorphic_or_optimized_type_check action=maybe_recompile pc=0x00000205946bc24c method=java.util.regex.Matcher.getTextLength()I @ 4 c2
Event: 19.114 Thread 0x00000205e684c140 DEOPT PACKING pc=0x00000205946bc24c sp=0x000000c3314ff180
Event: 19.114 Thread 0x00000205e684c140 DEOPT UNPACKING pc=0x0000020593f246a2 sp=0x000000c3314ff0b0 mode 2

Classes loaded (20 events):
Event: 19.046 Loading class jdk/internal/logger/LoggerFinderLoader
Event: 19.047 Loading class jdk/internal/logger/LoggerFinderLoader done
Event: 19.047 Loading class jdk/internal/logger/LoggerFinderLoader$TemporaryLoggerFinder
Event: 19.048 Loading class jdk/internal/logger/LoggerFinderLoader$TemporaryLoggerFinder done
Event: 19.048 Loading class sun/util/logging/internal/LoggingProviderImpl$JULWrapper
Event: 19.048 Loading class sun/util/logging/PlatformLogger$ConfigurableBridge$LoggerConfiguration
Event: 19.048 Loading class sun/util/logging/PlatformLogger$ConfigurableBridge$LoggerConfiguration done
Event: 19.049 Loading class sun/util/logging/internal/LoggingProviderImpl$JULWrapper done
Event: 19.049 Loading class java/lang/System$Logger$Level
Event: 19.049 Loading class java/lang/System$Logger$Level done
Event: 19.050 Loading class java/nio/channels/ClosedChannelException
Event: 19.050 Loading class java/nio/channels/ClosedChannelException done
Event: 19.057 Loading class java/nio/channels/NonReadableChannelException
Event: 19.057 Loading class java/nio/channels/NonReadableChannelException done
Event: 19.058 Loading class java/nio/channels/NonWritableChannelException
Event: 19.058 Loading class java/nio/channels/NonWritableChannelException done
Event: 19.097 Loading class java/util/Scanner
Event: 19.099 Loading class java/util/Scanner done
Event: 19.112 Loading class java/util/Scanner$PatternLRUCache
Event: 19.112 Loading class java/util/Scanner$PatternLRUCache done

Classes unloaded (20 events):
Event: 16.902 Thread 0x000002059e2d69f0 Unloading class 0x00000205a233a7e8 'lombok/javac/apt/MessagerDiagnosticsReceiver'
Event: 16.902 Thread 0x000002059e2d69f0 Unloading class 0x00000205a233a420 'lombok/javac/apt/InterceptingJavaFileManager'
Event: 16.902 Thread 0x000002059e2d69f0 Unloading class 0x00000205a233a218 'lombok/permit/dummy/Parent'
Event: 16.902 Thread 0x000002059e2d69f0 Unloading class 0x00000205a233a000 'lombok/core/CleanupRegistry'
Event: 16.902 Thread 0x000002059e2d69f0 Unloading class 0x00000205a2339de8 'lombok/permit/Permit$Fake'
Event: 16.902 Thread 0x000002059e2d69f0 Unloading class 0x00000205a2339be8 'lombok/permit/Permit'
Event: 16.902 Thread 0x000002059e2d69f0 Unloading class 0x00000205a23398f8 'lombok/javac/apt/LombokProcessor$1'
Event: 16.902 Thread 0x000002059e2d69f0 Unloading class 0x00000205a2339700 'lombok/core/DiagnosticsReceiver'
Event: 16.902 Thread 0x000002059e2d69f0 Unloading class 0x00000205a2339468 'lombok/javac/apt/LombokProcessor'
Event: 16.902 Thread 0x000002059e2d69f0 Unloading class 0x00000205a2339238 'lombok/core/AnnotationProcessor$EcjDescriptor'
Event: 16.902 Thread 0x000002059e2d69f0 Unloading class 0x00000205a2339000 'lombok/core/AnnotationProcessor$JavacDescriptor'
Event: 16.902 Thread 0x000002059e2d69f0 Unloading class 0x00000205a2338a80 'lombok/core/AnnotationProcessor$ProcessorDescriptor'
Event: 16.902 Thread 0x000002059e2d69f0 Unloading class 0x00000205a2338800 'lombok/core/AnnotationProcessor'
Event: 16.902 Thread 0x000002059e2d69f0 Unloading class 0x00000205a2385000 'lombok/launch/AnnotationProcessorHider$ClaimingProcessor'
Event: 16.902 Thread 0x000002059e2d69f0 Unloading class 0x00000205a2338498 'lombok/launch/AnnotationProcessorHider$AstModificationNotifierData'
Event: 16.902 Thread 0x000002059e2d69f0 Unloading class 0x00000205a2338218 'lombok/launch/ClassFileMetaData'
Event: 16.902 Thread 0x000002059e2d69f0 Unloading class 0x00000205a2338000 'lombok/launch/PackageShader'
Event: 16.902 Thread 0x000002059e2d69f0 Unloading class 0x00000205a2318480 'lombok/launch/ShadowClassLoader'
Event: 16.902 Thread 0x000002059e2d69f0 Unloading class 0x00000205a2318280 'lombok/launch/Main'
Event: 16.902 Thread 0x000002059e2d69f0 Unloading class 0x00000205a2318000 'lombok/launch/AnnotationProcessorHider$AnnotationProcessor'

Classes redefined (0 events):
No events

Internal exceptions (20 events):
Event: 17.484 Thread 0x00000205825c7f00 Exception <a 'sun/nio/fs/WindowsException'{0x00000000ffeec048}> (0x00000000ffeec048) 
thrown [s\open\src\hotspot\share\prims\jni.cpp, line 520]
Event: 17.485 Thread 0x00000205825c7f00 Exception <a 'sun/nio/fs/WindowsException'{0x00000000ffef3428}> (0x00000000ffef3428) 
thrown [s\open\src\hotspot\share\prims\jni.cpp, line 520]
Event: 17.485 Thread 0x00000205825c7f00 Exception <a 'sun/nio/fs/WindowsException'{0x00000000ffef43d8}> (0x00000000ffef43d8) 
thrown [s\open\src\hotspot\share\prims\jni.cpp, line 520]
Event: 17.485 Thread 0x00000205825c7f00 Exception <a 'sun/nio/fs/WindowsException'{0x00000000ffefb0b0}> (0x00000000ffefb0b0) 
thrown [s\open\src\hotspot\share\prims\jni.cpp, line 520]
Event: 17.486 Thread 0x00000205825c7f00 Exception <a 'sun/nio/fs/WindowsException'{0x00000000ffd0b880}> (0x00000000ffd0b880) 
thrown [s\open\src\hotspot\share\prims\jni.cpp, line 520]
Event: 17.486 Thread 0x00000205825c7f00 Exception <a 'sun/nio/fs/WindowsException'{0x00000000ffd0c990}> (0x00000000ffd0c990) 
thrown [s\open\src\hotspot\share\prims\jni.cpp, line 520]
Event: 17.597 Thread 0x00000205825c7f00 Exception <a 'sun/nio/fs/WindowsException'{0x000000008a1db798}> (0x000000008a1db798) 
thrown [s\open\src\hotspot\share\prims\jni.cpp, line 520]
Event: 17.597 Thread 0x00000205825c7f00 Exception <a 'sun/nio/fs/WindowsException'{0x000000008a1dbe60}> (0x000000008a1dbe60) 
thrown [s\open\src\hotspot\share\prims\jni.cpp, line 520]
Event: 17.597 Thread 0x00000205825c7f00 Exception <a 'sun/nio/fs/WindowsException'{0x000000008a1dcd38}> (0x000000008a1dcd38) 
thrown [s\open\src\hotspot\share\prims\jni.cpp, line 520]
Event: 17.627 Thread 0x00000205825c7f00 Exception <a 'sun/nio/fs/WindowsException'{0x0000000088b82dd0}> (0x0000000088b82dd0) 
thrown [s\open\src\hotspot\share\prims\jni.cpp, line 520]
Event: 17.628 Thread 0x00000205825c7f00 Exception <a 'sun/nio/fs/WindowsException'{0x0000000088b83498}> (0x0000000088b83498) 
thrown [s\open\src\hotspot\share\prims\jni.cpp, line 520]
Event: 17.628 Thread 0x00000205825c7f00 Exception <a 'sun/nio/fs/WindowsException'{0x0000000088b84370}> (0x0000000088b84370) 
thrown [s\open\src\hotspot\share\prims\jni.cpp, line 520]
Event: 18.497 Thread 0x00000205825c7f00 Implicit null exception at 0x00000205948623f3 to 0x0000020594862664
Event: 18.514 Thread 0x00000205e7de5050 Exception <a 'java/lang/NoSuchMethodError'{0x000000008872ed28}: 'java.lang.Object java.lang.invoke.DirectMethodHandle$Holder.invokeStatic(java.lang.Object, long, java.lang.Object)'> (0x000000008872ed28) 
thrown [s\open\src\hotspot\share\interpreter\linkResolver.cpp, line 774]
Event: 18.514 Thread 0x00000205e7de5050 Exception <a 'java/lang/NoSuchMethodError'{0x0000000088732100}: 'java.lang.Object java.lang.invoke.DirectMethodHandle$Holder.invokeStaticInit(java.lang.Object, long, java.lang.Object)'> (0x0000000088732100) 
thrown [s\open\src\hotspot\share\interpreter\linkResolver.cpp, line 774]
Event: 18.516 Thread 0x00000205e7de5050 Exception <a 'java/lang/NoSuchMethodError'{0x000000008867cf50}: 'java.lang.Object java.lang.invoke.DirectMethodHandle$Holder.newInvokeSpecial(java.lang.Object, long)'> (0x000000008867cf50) 
thrown [s\open\src\hotspot\share\interpreter\linkResolver.cpp, line 774]
Event: 18.522 Thread 0x00000205e7de5050 Exception <a 'java/lang/NoSuchMethodError'{0x0000000088681808}: 'long java.lang.invoke.DirectMethodHandle$Holder.invokeInterface(java.lang.Object, java.lang.Object)'> (0x0000000088681808) 
thrown [s\open\src\hotspot\share\interpreter\linkResolver.cpp, line 774]
Event: 18.529 Thread 0x00000205e7de5050 Exception <a 'java/lang/NoSuchMethodError'{0x0000000088684cf0}: 'long java.lang.invoke.DelegatingMethodHandle$Holder.reinvoke_L(java.lang.Object, java.lang.Object)'> (0x0000000088684cf0) 
thrown [s\open\src\hotspot\share\interpreter\linkResolver.cpp, line 774]
Event: 18.659 Thread 0x00000205825c7f00 Exception <a 'java/lang/NoSuchMethodError'{0x000000008836bca0}: 'java.lang.Object java.lang.invoke.DirectMethodHandle$Holder.invokeStaticInit(java.lang.Object, java.lang.Object, int, int, int, int)'> (0x000000008836bca0) 
thrown [s\open\src\hotspot\share\interpreter\linkResolver.cpp, line 774]
Event: 19.039 Thread 0x00000205825c7f00 Exception <a 'java/lang/NoSuchMethodError'{0x00000000879f3178}: 'void java.lang.invoke.DirectMethodHandle$Holder.invokeStatic(java.lang.Object, long)'> (0x00000000879f3178) 
thrown [s\open\src\hotspot\share\interpreter\linkResolver.cpp, line 774]

ZGC Phase Switch (0 events):
No events

VM Operations (20 events):
Event: 17.380 Executing VM operation: ICBufferFull
Event: 17.381 Executing VM operation: ICBufferFull done
Event: 17.448 Executing VM operation: G1CollectForAllocation (G1 Evacuation Pause)
Event: 17.455 Executing VM operation: G1CollectForAllocation (G1 Evacuation Pause) done
Event: 17.619 Executing VM operation: ICBufferFull
Event: 17.619 Executing VM operation: ICBufferFull done
Event: 18.195 Executing VM operation: G1CollectForAllocation (G1 Evacuation Pause)
Event: 18.211 Executing VM operation: G1CollectForAllocation (G1 Evacuation Pause) done
Event: 18.541 Executing VM operation: HandshakeAllThreads (Deoptimize)
Event: 18.541 Executing VM operation: HandshakeAllThreads (Deoptimize) done
Event: 18.919 Executing VM operation: HandshakeAllThreads (Deoptimize)
Event: 18.919 Executing VM operation: HandshakeAllThreads (Deoptimize) done
Event: 18.942 Executing VM operation: HandshakeAllThreads (Deoptimize)
Event: 18.942 Executing VM operation: HandshakeAllThreads (Deoptimize) done
Event: 18.943 Executing VM operation: HandshakeAllThreads (Deoptimize)
Event: 18.944 Executing VM operation: HandshakeAllThreads (Deoptimize) done
Event: 19.042 Executing VM operation: HandshakeAllThreads (Deoptimize)
Event: 19.043 Executing VM operation: HandshakeAllThreads (Deoptimize) done
Event: 20.044 Executing VM operation: Cleanup
Event: 20.044 Executing VM operation: Cleanup done

Events (20 events):
Event: 16.917 Thread 0x000002059e2d69f0 flushing nmethod 0x000002058d826b90
Event: 16.917 Thread 0x000002059e2d69f0 flushing nmethod 0x000002058d826e90
Event: 16.917 Thread 0x000002059e2d69f0 flushing nmethod 0x000002058d827510
Event: 16.917 Thread 0x000002059e2d69f0 flushing nmethod 0x000002058d827810
Event: 16.917 Thread 0x000002059e2d69f0 flushing nmethod 0x000002058d82af10
Event: 16.917 Thread 0x000002059e2d69f0 flushing nmethod 0x000002058d82b290
Event: 16.917 Thread 0x000002059e2d69f0 flushing nmethod 0x000002058d82b610
Event: 16.917 Thread 0x000002059e2d69f0 flushing nmethod 0x000002058d895110
Event: 16.917 Thread 0x000002059e2d69f0 flushing nmethod 0x000002058d896990
Event: 16.917 Thread 0x000002059e2d69f0 flushing nmethod 0x000002058d89ea90
Event: 16.917 Thread 0x000002059e2d69f0 flushing nmethod 0x000002058d8dc290
Event: 17.118 Thread 0x00000205e72ce300 Thread added: 0x00000205e72ce300
Event: 18.483 Thread 0x00000205e7de5050 Thread added: 0x00000205e7de5050
Event: 18.531 Thread 0x00000205e7de5050 Thread exited: 0x00000205e7de5050
Event: 18.827 Thread 0x00000205e7de5050 Thread added: 0x00000205e7de5050
Event: 18.836 Thread 0x00000205e684a070 Thread added: 0x00000205e684a070
Event: 19.017 Thread 0x00000205e684bab0 Thread added: 0x00000205e684bab0
Event: 19.095 Thread 0x00000205e684c140 Thread added: 0x00000205e684c140
Event: 19.095 Thread 0x00000205e684a700 Thread added: 0x00000205e684a700
Event: 19.114 Thread 0x00000205e684ad90 Thread added: 0x00000205e684ad90


Dynamic libraries:
0x00007ff793060000 - 0x00007ff793070000 	C:\Program Files\jdk-22.0.1\bin\java.exe
0x00007ffd72c10000 - 0x00007ffd72e08000 	C:\WINDOWS\SYSTEM32\ntdll.dll
0x00007ffd72b00000 - 0x00007ffd72bc2000 	C:\WINDOWS\System32\KERNEL32.DLL
0x00007ffd70420000 - 0x00007ffd7071e000 	C:\WINDOWS\System32\KERNELBASE.dll
0x00007ffd709d0000 - 0x00007ffd70ad0000 	C:\WINDOWS\System32\ucrtbase.dll
0x00007ffd6a910000 - 0x00007ffd6a927000 	C:\Program Files\jdk-22.0.1\bin\jli.dll
0x00007ffd72570000 - 0x00007ffd72622000 	C:\WINDOWS\System32\ADVAPI32.dll
0x00007ffd726a0000 - 0x00007ffd7273e000 	C:\WINDOWS\System32\msvcrt.dll
0x00007ffd720e0000 - 0x00007ffd72180000 	C:\WINDOWS\System32\sechost.dll
0x00007ffd71ef0000 - 0x00007ffd72013000 	C:\WINDOWS\System32\RPCRT4.dll
0x00007ffd708e0000 - 0x00007ffd70907000 	C:\WINDOWS\System32\bcrypt.dll
0x00007ffd71300000 - 0x00007ffd7149d000 	C:\WINDOWS\System32\USER32.dll
0x00007ffd703f0000 - 0x00007ffd70412000 	C:\WINDOWS\System32\win32u.dll
0x00007ffd720b0000 - 0x00007ffd720db000 	C:\WINDOWS\System32\GDI32.dll
0x00007ffd70720000 - 0x00007ffd70837000 	C:\WINDOWS\System32\gdi32full.dll
0x00007ffd70840000 - 0x00007ffd708dd000 	C:\WINDOWS\System32\msvcp_win.dll
0x00007ffd6a160000 - 0x00007ffd6a17b000 	C:\Program Files\jdk-22.0.1\bin\VCRUNTIME140.dll
0x00007ffd5b4d0000 - 0x00007ffd5b76a000 	C:\WINDOWS\WinSxS\amd64_microsoft.windows.common-controls_6595b64144ccf1df_6.0.19041.4355_none_60b8b9eb71f62e16\COMCTL32.dll
0x00007ffd6f590000 - 0x00007ffd6f59a000 	C:\WINDOWS\SYSTEM32\VERSION.dll
0x00007ffd710a0000 - 0x00007ffd710cf000 	C:\WINDOWS\System32\IMM32.DLL
0x00007ffd6f600000 - 0x00007ffd6f637000 	C:\WINDOWS\system32\DriverStore\FileRepository\nvacwu.inf_amd64_9d2734742a07f3cf\nvinitx.dll
0x00007ffd714a0000 - 0x00007ffd71c0f000 	C:\WINDOWS\System32\Shell32.dll
0x00007ffd6de40000 - 0x00007ffd6e5e4000 	C:\WINDOWS\SYSTEM32\windows.storage.dll
0x00007ffd72740000 - 0x00007ffd72a93000 	C:\WINDOWS\System32\combase.dll
0x00007ffd6fc00000 - 0x00007ffd6fc2e000 	C:\WINDOWS\SYSTEM32\Wldp.dll
0x00007ffd72370000 - 0x00007ffd7243d000 	C:\WINDOWS\System32\OLEAUT32.dll
0x00007ffd71c10000 - 0x00007ffd71cbd000 	C:\WINDOWS\System32\SHCORE.dll
0x00007ffd72190000 - 0x00007ffd721e5000 	C:\WINDOWS\System32\shlwapi.dll
0x0000000070f60000 - 0x0000000070f66000 	C:\Program Files\NVIDIA Corporation\CoProcManager\_etoured.dll
0x00007ffd62db0000 - 0x00007ffd62df4000 	C:\Program Files\NVIDIA Corporation\CoProcManager\nvd3d9wrapx.dll
0x00007ffd70c30000 - 0x00007ffd7109e000 	C:\WINDOWS\System32\SETUPAPI.dll
0x00007ffd70910000 - 0x00007ffd7095e000 	C:\WINDOWS\System32\cfgmgr32.dll
0x00007ffd65540000 - 0x00007ffd6556e000 	C:\Program Files\NVIDIA Corporation\CoProcManager\nvdxgiwrapx.dll
0x00007ffd6ba30000 - 0x00007ffd6ba3c000 	C:\Program Files\jdk-22.0.1\bin\vcruntime140_1.dll
0x00007ffd566b0000 - 0x00007ffd5673e000 	C:\Program Files\jdk-22.0.1\bin\msvcp140.dll
0x00007ffd39cf0000 - 0x00007ffd3aa37000 	C:\Program Files\jdk-22.0.1\bin\server\jvm.dll
0x00007ffd72040000 - 0x00007ffd720ab000 	C:\WINDOWS\System32\WS2_32.dll
0x00007ffd6f800000 - 0x00007ffd6f84b000 	C:\WINDOWS\SYSTEM32\POWRPROF.dll
0x00007ffd5eeb0000 - 0x00007ffd5eed7000 	C:\WINDOWS\SYSTEM32\WINMM.dll
0x00007ffd6f6b0000 - 0x00007ffd6f6c2000 	C:\WINDOWS\SYSTEM32\UMPDC.dll
0x00007ffd6ea90000 - 0x00007ffd6eaa2000 	C:\WINDOWS\SYSTEM32\kernel.appcore.dll
0x00007ffd6b0a0000 - 0x00007ffd6b0aa000 	C:\Program Files\jdk-22.0.1\bin\jimage.dll
0x00007ffd6e6b0000 - 0x00007ffd6e894000 	C:\WINDOWS\SYSTEM32\DBGHELP.DLL
0x00007ffd68760000 - 0x00007ffd68794000 	C:\WINDOWS\SYSTEM32\dbgcore.DLL
0x00007ffd702b0000 - 0x00007ffd70332000 	C:\WINDOWS\System32\bcryptPrimitives.dll
0x00007ffd6a940000 - 0x00007ffd6a94f000 	C:\Program Files\jdk-22.0.1\bin\instrument.dll
0x00007ffd6a140000 - 0x00007ffd6a15e000 	C:\Program Files\jdk-22.0.1\bin\java.dll
0x00007ffd72440000 - 0x00007ffd7256b000 	C:\WINDOWS\System32\ole32.dll
0x00007ffd701e0000 - 0x00007ffd70204000 	C:\WINDOWS\SYSTEM32\profapi.dll
0x00007ffd51670000 - 0x00007ffd51747000 	C:\Program Files\jdk-22.0.1\bin\jsvml.dll
0x00007ffd69580000 - 0x00007ffd69597000 	C:\Program Files\jdk-22.0.1\bin\zip.dll
0x00007ffd6a110000 - 0x00007ffd6a120000 	C:\Program Files\jdk-22.0.1\bin\net.dll
0x00007ffd6f9e0000 - 0x00007ffd6fa4a000 	C:\WINDOWS\system32\mswsock.dll
0x00007ffd69650000 - 0x00007ffd69666000 	C:\Program Files\jdk-22.0.1\bin\nio.dll
0x00007ffd694c0000 - 0x00007ffd694da000 	C:\Program Files\JetBrains\IntelliJIdea2024.1.4\bin\breakgen64.dll
0x00007ffd69640000 - 0x00007ffd69649000 	C:\Program Files\jdk-22.0.1\bin\extnet.dll
0x00007ffd68af0000 - 0x00007ffd68b14000 	C:\Users\Марина\AppData\Local\Temp\jansi-2.4.1-575e7f7efe0720c6-jansi.dll
0x00007ffd69190000 - 0x00007ffd691a0000 	C:\Program Files\jdk-22.0.1\bin\verify.dll
0x00007ffd6ff50000 - 0x00007ffd6ff68000 	C:\WINDOWS\SYSTEM32\CRYPTSP.dll
0x00007ffd6f200000 - 0x00007ffd6f234000 	C:\WINDOWS\system32\rsaenh.dll
0x00007ffd701a0000 - 0x00007ffd701ce000 	C:\WINDOWS\SYSTEM32\USERENV.dll
0x00007ffd6fb70000 - 0x00007ffd6fb7c000 	C:\WINDOWS\SYSTEM32\CRYPTBASE.dll
0x00007ffd6f670000 - 0x00007ffd6f6ab000 	C:\WINDOWS\SYSTEM32\IPHLPAPI.DLL
0x00007ffd72180000 - 0x00007ffd72188000 	C:\WINDOWS\System32\NSI.dll

dbghelp: loaded successfully - version: 4.0.5 - missing functions: none
symbol engine: initialized successfully - sym options: 0x614 - pdb path: .;C:\Program Files\jdk-22.0.1\bin;C:\WINDOWS\SYSTEM32;C:\WINDOWS\WinSxS\amd64_microsoft.windows.common-controls_6595b64144ccf1df_6.0.19041.4355_none_60b8b9eb71f62e16;C:\WINDOWS\system32\DriverStore\FileRepository\nvacwu.inf_amd64_9d2734742a07f3cf;C:\Program Files\NVIDIA Corporation\CoProcManager;C:\Program Files\jdk-22.0.1\bin\server;C:\Program Files\JetBrains\IntelliJIdea2024.1.4\bin;C:\Users\Марина\AppData\Local\Temp

VM Arguments:
jvm_args: -Dmaven.multiModuleProjectDirectory=C:\Users\Марина\IdeaProjects\cloudStorage -Djansi.passthrough=true -Dmaven.home=C:\Users\Марина\.m2\wrapper\dists\apache-maven-3.9.9-bin\4nf9hui3q3djbarqar9g711ggc\apache-maven-3.9.9 -Dclassworlds.conf=C:\Users\Марина\.m2\wrapper\dists\apache-maven-3.9.9-bin\4nf9hui3q3djbarqar9g711ggc\apache-maven-3.9.9\bin\m2.conf -Dmaven.ext.class.path=C:\Program Files\JetBrains\IntelliJIdea2024.1.4\plugins\maven\lib\maven-event-listener.jar -javaagent:C:\Program Files\JetBrains\IntelliJIdea2024.1.4\lib\idea_rt.jar=57071:C:\Program Files\JetBrains\IntelliJIdea2024.1.4\bin -Dfile.encoding=UTF-8 -Dsun.stdout.encoding=UTF-8 -Dsun.stderr.encoding=UTF-8 
java_command: org.codehaus.classworlds.Launcher -Didea.version=2024.1.4 package
java_class_path (initial): C:\Users\Марина\.m2\wrapper\dists\apache-maven-3.9.9-bin\4nf9hui3q3djbarqar9g711ggc\apache-maven-3.9.9\boot\plexus-classworlds-2.8.0.jar;C:\Users\Марина\.m2\wrapper\dists\apache-maven-3.9.9-bin\4nf9hui3q3djbarqar9g711ggc\apache-maven-3.9.9\boot\plexus-classworlds.license
Launcher Type: SUN_STANDARD

[Global flags]
     intx CICompilerCount                          = 3                                         {product} {ergonomic}
     uint ConcGCThreads                            = 1                                         {product} {ergonomic}
     uint G1ConcRefinementThreads                  = 4                                         {product} {ergonomic}
   size_t G1HeapRegionSize                         = 1048576                                   {product} {ergonomic}
   size_t InitialHeapSize                          = 132120576                                 {product} {ergonomic}
   size_t MarkStackSize                            = 4194304                                   {product} {ergonomic}
   size_t MaxHeapSize                              = 2109734912                                {product} {ergonomic}
   size_t MaxNewSize                               = 1265631232                                {product} {ergonomic}
   size_t MinHeapDeltaBytes                        = 1048576                                   {product} {ergonomic}
   size_t MinHeapSize                              = 8388608                                   {product} {ergonomic}
    uintx NonNMethodCodeHeapSize                   = 5832780                                {pd product} {ergonomic}
    uintx NonProfiledCodeHeapSize                  = 122912730                              {pd product} {ergonomic}
    uintx ProfiledCodeHeapSize                     = 122912730                              {pd product} {ergonomic}
    uintx ReservedCodeCacheSize                    = 251658240                              {pd product} {ergonomic}
     bool SegmentedCodeCache                       = true                                      {product} {ergonomic}
   size_t SoftMaxHeapSize                          = 2109734912                             {manageable} {ergonomic}
     bool UseCompressedOops                        = true                           {product lp64_product} {ergonomic}
     bool UseG1GC                                  = true                                      {product} {ergonomic}
     bool UseLargePagesIndividualAllocation        = false                                  {pd product} {ergonomic}

Logging:
Log output configuration:
 #0: stdout all=warning uptime,level,tags foldmultilines=false
 #1: stderr all=off uptime,level,tags foldmultilines=false

Environment Variables:
JAVA_HOME=C:\Program Files\jdk-21.0.2
PATH=C:\ProgramData\Oracle\Java\javapath;C:\Program Files (x86)\Intel\iCLS Client\;C:\Program Files\Intel\iCLS Client\;C:\WINDOWS\system32;C:\WINDOWS;C:\WINDOWS\System32\Wbem;C:\WINDOWS\System32\WindowsPowerShell\v1.0\;C:\Program Files\Intel\Intel(R) Management Engine Components\DAL;C:\Program Files\Intel\Intel(R) Management Engine Components\IPT;C:\Program Files (x86)\Intel\Intel(R) Management Engine Components\DAL;C:\Program Files (x86)\Intel\Intel(R) Management Engine Components\IPT;C:\WINDOWS\System32\OpenSSH\;C:\Program Files\Git\cmd;C:\Program Files\jdk-21.0.2\bin;;C:\Program Files\Docker\Docker\resources\bin;C:\Program Files;C:\Program Files\curl-8.8.0_2-win64-mingw;C:\Program Files\jdk-17.0.11\bin;C:\Program Files\jdk-22.0.1\bin;C:\Program Files\MySQL\MySQL Server 8.0\bin;C:\Program Files\JetBrains\IntelliJ IDEA 2024.1.4\bin;;
USERNAME=Марина
OS=Windows_NT
PROCESSOR_IDENTIFIER=Intel64 Family 6 Model 42 Stepping 7, GenuineIntel
TMP=C:\Users\0D39~1\AppData\Local\Temp
TEMP=C:\Users\0D39~1\AppData\Local\Temp




Periodic native trim disabled

---------------  S Y S T E M  ---------------

OS:
 Windows 10 , 64 bit Build 19041 (10.0.19041.4957)
OS uptime: 2 days 23:12 hours
Hyper-V role detected

CPU: total 4 (initial active 4) (2 cores per cpu, 2 threads per core) family 6 model 42 stepping 7 microcode 0x2f, cx8, cmov, fxsr, ht, mmx, sse, sse2, sse3, ssse3, sse4.1, sse4.2, popcnt, tsc, tscinvbit, avx, aes, clmul, vzeroupper, clflush, hv, rdtscp
Processor Information for all 4 processors :
  Max Mhz: 2501, Current Mhz: 2501, Mhz Limit: 2501

Memory: 4k page, system-wide physical 8043M (746M free)
TotalPageFile size 12043M (AvailPageFile size 0M)
current process WorkingSet (physical memory assigned to process): 408M, peak: 408M
current process commit charge ("private bytes"): 441M, peak: 441M

vm_info: Java HotSpot(TM) 64-Bit Server VM (22.0.1+8-16) for windows-amd64 JRE (22.0.1+8-16), built on 2024-03-12T10:33:16Z by "mach5one" with MS VC++ 17.6 (VS2022)

END.
