#
# There is insufficient memory for the Java Runtime Environment to continue.
# Native memory allocation (malloc) failed to allocate 32744 bytes. Error detail: Chunk::new
# Possible reasons:
#   The system is out of physical RAM or swap space
#   This process is running with CompressedOops enabled, and the Java Heap may be blocking the growth of the native heap
# Possible solutions:
#   Reduce memory load on the system
#   Increase physical memory or swap space
#   Check if swap backing store is full
#   Decrease Java heap size (-Xmx/-Xms)
#   Decrease number of Java threads
#   Decrease Java thread stack sizes (-Xss)
#   Set larger code cache with -XX:ReservedCodeCacheSize=
#   JVM is running with Unscaled Compressed Oops mode in which the Java heap is
#     placed in the first 4GB address space. The Java Heap base address is the
#     maximum limit for the native heap growth. Please use -XX:HeapBaseMinAddress
#     to set the Java Heap base and to place the Java Heap above 4GB virtual address.
# This output file may be truncated or incomplete.
#
#  Out of Memory Error (arena.cpp:150), pid=10936, tid=9236
#
# JRE version: Java(TM) SE Runtime Environment (22.0.1+8) (build 22.0.1+8-16)
# Java VM: Java HotSpot(TM) 64-Bit Server VM (22.0.1+8-16, mixed mode, sharing, tiered, compressed oops, compressed class ptrs, g1 gc, windows-amd64)
# No core dump will be written. Minidumps are not enabled by default on client versions of Windows
#

---------------  S U M M A R Y ------------

Command Line: C:\Users\Марина\AppData\Local\Temp\surefire11292641684528711410\surefirebooter-20241105193530139_3.jar C:\Users\Марина\AppData\Local\Temp\surefire11292641684528711410 2024-11-05T19-35-29_796-jvmRun1 surefire-20241105193530139_1tmp surefire_0-20241105193530139_2tmp

Host: Intel(R) Core(TM) i5-2450M CPU @ 2.50GHz, 4 cores, 7G,  Windows 10 , 64 bit Build 19041 (10.0.19041.4957)
Time: Tue Nov  5 19:35:32 2024 RTZ 2 (s 10 , 64 bit Build 19041 (10.0.19041.4957) elapsed time: 1.636177 seconds (0d 0h 0m 1s)

---------------  T H R E A D  ---------------

Current thread (0x00000299f8024f30):  JavaThread "C1 CompilerThread0" daemon [_thread_in_native, id=9236, stack(0x000000f089800000,0x000000f089900000) (1024K)]


Current CompileTask:
C1:1636  948       3       java.net.URLStreamHandler::parseURL (1124 bytes)

Stack: [0x000000f089800000,0x000000f089900000]
Native frames: (J=compiled Java code, j=interpreted, Vv=VM code, C=native code)
V  [jvm.dll+0x6e2279]  (no source info available)
V  [jvm.dll+0x874e33]  (no source info available)
V  [jvm.dll+0x87725e]  (no source info available)
V  [jvm.dll+0x877933]  (no source info available)
V  [jvm.dll+0x27fd76]  (no source info available)
V  [jvm.dll+0xc3d0f]  (no source info available)
V  [jvm.dll+0xc3f6b]  (no source info available)
V  [jvm.dll+0x13f1ce]  (no source info available)
V  [jvm.dll+0x13e697]  (no source info available)
V  [jvm.dll+0x197e2d]  (no source info available)
V  [jvm.dll+0x1986f6]  (no source info available)
V  [jvm.dll+0x153e45]  (no source info available)
V  [jvm.dll+0x1535c3]  (no source info available)
V  [jvm.dll+0x1538a0]  (no source info available)
V  [jvm.dll+0x152c1d]  (no source info available)
V  [jvm.dll+0x154add]  (no source info available)
V  [jvm.dll+0x2569fe]  (no source info available)
V  [jvm.dll+0x254cba]  (no source info available)
V  [jvm.dll+0x3f5336]  (no source info available)
V  [jvm.dll+0x81d44b]  (no source info available)
V  [jvm.dll+0x6e0915]  (no source info available)
C  [ucrtbase.dll+0x21bb2]  (no source info available)
C  [KERNEL32.DLL+0x17374]  (no source info available)
C  [ntdll.dll+0x4cc91]  (no source info available)


---------------  P R O C E S S  ---------------

Threads class SMR info:
_java_thread_list=0x00000299f84b2980, length=13, elements={
0x0000029994a21880, 0x00000299b09369c0, 0x00000299b0937420, 0x00000299f8000080,
0x00000299f8001280, 0x00000299f8001ce0, 0x00000299f80029c0, 0x00000299f8006f10,
0x00000299f8024f30, 0x00000299f8149410, 0x00000299f81582d0, 0x00000299f8463eb0,
0x00000299f88362e0
}

Java Threads: ( => current thread )
  0x0000029994a21880 JavaThread "main"                              [_thread_in_vm, id=11704, stack(0x000000f088900000,0x000000f088a00000) (1024K)]
  0x00000299b09369c0 JavaThread "Reference Handler"          daemon [_thread_blocked, id=14976, stack(0x000000f089100000,0x000000f089200000) (1024K)]
  0x00000299b0937420 JavaThread "Finalizer"                  daemon [_thread_blocked, id=16064, stack(0x000000f089200000,0x000000f089300000) (1024K)]
  0x00000299f8000080 JavaThread "Signal Dispatcher"          daemon [_thread_blocked, id=13688, stack(0x000000f089300000,0x000000f089400000) (1024K)]
  0x00000299f8001280 JavaThread "Attach Listener"            daemon [_thread_blocked, id=15084, stack(0x000000f089400000,0x000000f089500000) (1024K)]
  0x00000299f8001ce0 JavaThread "Service Thread"             daemon [_thread_blocked, id=11800, stack(0x000000f089500000,0x000000f089600000) (1024K)]
  0x00000299f80029c0 JavaThread "Monitor Deflation Thread"   daemon [_thread_blocked, id=15672, stack(0x000000f089600000,0x000000f089700000) (1024K)]
  0x00000299f8006f10 JavaThread "C2 CompilerThread0"         daemon [_thread_blocked, id=6504, stack(0x000000f089700000,0x000000f089800000) (1024K)]
=>0x00000299f8024f30 JavaThread "C1 CompilerThread0"         daemon [_thread_in_native, id=9236, stack(0x000000f089800000,0x000000f089900000) (1024K)]
  0x00000299f8149410 JavaThread "Notification Thread"        daemon [_thread_blocked, id=5608, stack(0x000000f089900000,0x000000f089a00000) (1024K)]
  0x00000299f81582d0 JavaThread "Common-Cleaner"             daemon [_thread_blocked, id=16080, stack(0x000000f089a00000,0x000000f089b00000) (1024K)]
  0x00000299f8463eb0 JavaThread "surefire-forkedjvm-stream-flusher" daemon [_thread_blocked, id=13652, stack(0x000000f089b00000,0x000000f089c00000) (1024K)]
  0x00000299f88362e0 JavaThread "surefire-forkedjvm-command-thread" daemon [_thread_in_native, id=11776, stack(0x000000f089c00000,0x000000f089d00000) (1024K)]
Total: 13

Other Threads:
  0x00000299b091d2b0 VMThread "VM Thread"                           [id=5968, stack(0x000000f089000000,0x000000f089100000) (1024K)]
  0x00000299b0907360 WatcherThread "VM Periodic Task Thread"        [id=12224, stack(0x000000f088f00000,0x000000f089000000) (1024K)]
  0x0000029996d65cf0 WorkerThread "GC Thread#0"                     [id=13104, stack(0x000000f088a00000,0x000000f088b00000) (1024K)]
  0x00000299f88e9340 WorkerThread "GC Thread#1"                     [id=14156, stack(0x000000f089d00000,0x000000f089e00000) (1024K)]
  0x00000299f88e96f0 WorkerThread "GC Thread#2"                     [id=6208, stack(0x000000f089e00000,0x000000f089f00000) (1024K)]
  0x00000299f88f2f90 WorkerThread "GC Thread#3"                     [id=12724, stack(0x000000f089f00000,0x000000f08a000000) (1024K)]
  0x00000299b074c130 ConcurrentGCThread "G1 Main Marker"            [id=5988, stack(0x000000f088b00000,0x000000f088c00000) (1024K)]
  0x0000029996d6e020 WorkerThread "G1 Conc#0"                       [id=16128, stack(0x000000f088c00000,0x000000f088d00000) (1024K)]
  0x00000299b07d9aa0 ConcurrentGCThread "G1 Refine#0"               [id=10080, stack(0x000000f088d00000,0x000000f088e00000) (1024K)]
  0x00000299b07da520 ConcurrentGCThread "G1 Service"                [id=12192, stack(0x000000f088e00000,0x000000f088f00000) (1024K)]
Total: 10

Threads with active compile tasks:
C1 CompilerThread0  1904  948       3       java.net.URLStreamHandler::parseURL (1124 bytes)
Total: 1

VM state: not at safepoint (normal execution)

VM Mutex/Monitor currently owned by a thread: None

Heap address: 0x0000000082400000, size: 2012 MB, Compressed Oops mode: 32-bit

CDS archive(s) mapped at: [0x00000299b3000000-0x00000299b3c60000-0x00000299b3c60000), size 12976128, SharedBaseAddress: 0x00000299b3000000, ArchiveRelocationMode: 1.
Compressed class space mapped at: 0x00000299b4000000-0x00000299f4000000, reserved size: 1073741824
Narrow klass base: 0x00000299b3000000, Narrow klass shift: 0, Narrow klass range: 0x41000000

GC Precious Log:
 CardTable entry size: 512
 Card Set container configuration: InlinePtr #cards 5 size 8 Array Of Cards #cards 12 size 40 Howl #buckets 4 coarsen threshold 1843 Howl Bitmap #cards 512 size 80 coarsen threshold 460 Card regions per heap region 1 cards per card region 2048
 CPUs: 4 total, 4 available
 Memory: 8043M
 Large Page Support: Disabled
 NUMA Support: Disabled
 Compressed Oops: Enabled (32-bit)
 Heap Region Size: 1M
 Heap Min Capacity: 8M
 Heap Initial Capacity: 126M
 Heap Max Capacity: 2012M
 Pre-touch: Disabled
 Parallel Workers: 4
 Concurrent Workers: 1
 Concurrent Refinement Workers: 4
 Periodic GC: Disabled

Heap:
 garbage-first heap   total reserved 2060288K, committed 129024K, used 13525K [0x0000000082400000, 0x0000000100000000)
  region size 1024K, 6 young (6144K), 2 survivors (2048K)
 Metaspace       used 3282K, committed 3520K, reserved 1114112K
  class space    used 331K, committed 448K, reserved 1048576K

Heap Regions: E=young(eden), S=young(survivor), O=old, HS=humongous(starts), HC=humongous(continues), CS=collection set, F=free, TAMS=top-at-mark-start, PB=parsable bottom
|   0|0x0000000082400000, 0x0000000082500000, 0x0000000082500000|100%|HS|  |TAMS 0x0000000082400000| PB 0x0000000082400000| Complete |  0
|   1|0x0000000082500000, 0x0000000082600000, 0x0000000082600000|100%|HS|  |TAMS 0x0000000082500000| PB 0x0000000082500000| Complete |  0
|   2|0x0000000082600000, 0x0000000082700000, 0x0000000082700000|100%|HC|  |TAMS 0x0000000082600000| PB 0x0000000082600000| Complete |  0
|   3|0x0000000082700000, 0x0000000082800000, 0x0000000082800000|100%| O|  |TAMS 0x0000000082700000| PB 0x0000000082700000| Untracked |  0
|   4|0x0000000082800000, 0x0000000082900000, 0x0000000082900000|100%| O|  |TAMS 0x0000000082800000| PB 0x0000000082800000| Untracked |  0
|   5|0x0000000082900000, 0x0000000082a00000, 0x0000000082a00000|100%| O|  |TAMS 0x0000000082900000| PB 0x0000000082900000| Untracked |  0
|   6|0x0000000082a00000, 0x0000000082b00000, 0x0000000082b00000|100%| O|  |TAMS 0x0000000082a00000| PB 0x0000000082a00000| Untracked |  0
|   7|0x0000000082b00000, 0x0000000082c00000, 0x0000000082c00000|100%| O|  |TAMS 0x0000000082b00000| PB 0x0000000082b00000| Untracked |  0
|   8|0x0000000082c00000, 0x0000000082c35520, 0x0000000082d00000| 20%| O|  |TAMS 0x0000000082c00000| PB 0x0000000082c00000| Untracked |  0
|   9|0x0000000082d00000, 0x0000000082d00000, 0x0000000082e00000|  0%| F|  |TAMS 0x0000000082d00000| PB 0x0000000082d00000| Untracked |  0
|  10|0x0000000082e00000, 0x0000000082e00000, 0x0000000082f00000|  0%| F|  |TAMS 0x0000000082e00000| PB 0x0000000082e00000| Untracked |  0
|  11|0x0000000082f00000, 0x0000000082f00000, 0x0000000083000000|  0%| F|  |TAMS 0x0000000082f00000| PB 0x0000000082f00000| Untracked |  0
|  12|0x0000000083000000, 0x0000000083000000, 0x0000000083100000|  0%| F|  |TAMS 0x0000000083000000| PB 0x0000000083000000| Untracked |  0
|  13|0x0000000083100000, 0x0000000083100000, 0x0000000083200000|  0%| F|  |TAMS 0x0000000083100000| PB 0x0000000083100000| Untracked |  0
|  14|0x0000000083200000, 0x0000000083200000, 0x0000000083300000|  0%| F|  |TAMS 0x0000000083200000| PB 0x0000000083200000| Untracked |  0
|  15|0x0000000083300000, 0x0000000083300000, 0x0000000083400000|  0%| F|  |TAMS 0x0000000083300000| PB 0x0000000083300000| Untracked |  0
|  16|0x0000000083400000, 0x0000000083400000, 0x0000000083500000|  0%| F|  |TAMS 0x0000000083400000| PB 0x0000000083400000| Untracked |  0
|  17|0x0000000083500000, 0x0000000083500000, 0x0000000083600000|  0%| F|  |TAMS 0x0000000083500000| PB 0x0000000083500000| Untracked |  0
|  18|0x0000000083600000, 0x0000000083600000, 0x0000000083700000|  0%| F|  |TAMS 0x0000000083600000| PB 0x0000000083600000| Untracked |  0
|  19|0x0000000083700000, 0x0000000083700000, 0x0000000083800000|  0%| F|  |TAMS 0x0000000083700000| PB 0x0000000083700000| Untracked |  0
|  20|0x0000000083800000, 0x0000000083800000, 0x0000000083900000|  0%| F|  |TAMS 0x0000000083800000| PB 0x0000000083800000| Untracked |  0
|  21|0x0000000083900000, 0x0000000083900000, 0x0000000083a00000|  0%| F|  |TAMS 0x0000000083900000| PB 0x0000000083900000| Untracked |  0
|  22|0x0000000083a00000, 0x0000000083a00000, 0x0000000083b00000|  0%| F|  |TAMS 0x0000000083a00000| PB 0x0000000083a00000| Untracked |  0
|  23|0x0000000083b00000, 0x0000000083b00000, 0x0000000083c00000|  0%| F|  |TAMS 0x0000000083b00000| PB 0x0000000083b00000| Untracked |  0
|  24|0x0000000083c00000, 0x0000000083c00000, 0x0000000083d00000|  0%| F|  |TAMS 0x0000000083c00000| PB 0x0000000083c00000| Untracked |  0
|  25|0x0000000083d00000, 0x0000000083d00000, 0x0000000083e00000|  0%| F|  |TAMS 0x0000000083d00000| PB 0x0000000083d00000| Untracked |  0
|  26|0x0000000083e00000, 0x0000000083e00000, 0x0000000083f00000|  0%| F|  |TAMS 0x0000000083e00000| PB 0x0000000083e00000| Untracked |  0
|  27|0x0000000083f00000, 0x0000000083f00000, 0x0000000084000000|  0%| F|  |TAMS 0x0000000083f00000| PB 0x0000000083f00000| Untracked |  0
|  28|0x0000000084000000, 0x0000000084000000, 0x0000000084100000|  0%| F|  |TAMS 0x0000000084000000| PB 0x0000000084000000| Untracked |  0
|  29|0x0000000084100000, 0x0000000084100000, 0x0000000084200000|  0%| F|  |TAMS 0x0000000084100000| PB 0x0000000084100000| Untracked |  0
|  30|0x0000000084200000, 0x0000000084200000, 0x0000000084300000|  0%| F|  |TAMS 0x0000000084200000| PB 0x0000000084200000| Untracked |  0
|  31|0x0000000084300000, 0x0000000084300000, 0x0000000084400000|  0%| F|  |TAMS 0x0000000084300000| PB 0x0000000084300000| Untracked |  0
|  32|0x0000000084400000, 0x0000000084400000, 0x0000000084500000|  0%| F|  |TAMS 0x0000000084400000| PB 0x0000000084400000| Untracked |  0
|  33|0x0000000084500000, 0x0000000084500000, 0x0000000084600000|  0%| F|  |TAMS 0x0000000084500000| PB 0x0000000084500000| Untracked |  0
|  34|0x0000000084600000, 0x0000000084600000, 0x0000000084700000|  0%| F|  |TAMS 0x0000000084600000| PB 0x0000000084600000| Untracked |  0
|  35|0x0000000084700000, 0x0000000084700000, 0x0000000084800000|  0%| F|  |TAMS 0x0000000084700000| PB 0x0000000084700000| Untracked |  0
|  36|0x0000000084800000, 0x0000000084800000, 0x0000000084900000|  0%| F|  |TAMS 0x0000000084800000| PB 0x0000000084800000| Untracked |  0
|  37|0x0000000084900000, 0x0000000084900000, 0x0000000084a00000|  0%| F|  |TAMS 0x0000000084900000| PB 0x0000000084900000| Untracked |  0
|  38|0x0000000084a00000, 0x0000000084a00000, 0x0000000084b00000|  0%| F|  |TAMS 0x0000000084a00000| PB 0x0000000084a00000| Untracked |  0
|  39|0x0000000084b00000, 0x0000000084b00000, 0x0000000084c00000|  0%| F|  |TAMS 0x0000000084b00000| PB 0x0000000084b00000| Untracked |  0
|  40|0x0000000084c00000, 0x0000000084c00000, 0x0000000084d00000|  0%| F|  |TAMS 0x0000000084c00000| PB 0x0000000084c00000| Untracked |  0
|  41|0x0000000084d00000, 0x0000000084d00000, 0x0000000084e00000|  0%| F|  |TAMS 0x0000000084d00000| PB 0x0000000084d00000| Untracked |  0
|  42|0x0000000084e00000, 0x0000000084e00000, 0x0000000084f00000|  0%| F|  |TAMS 0x0000000084e00000| PB 0x0000000084e00000| Untracked |  0
|  43|0x0000000084f00000, 0x0000000084f00000, 0x0000000085000000|  0%| F|  |TAMS 0x0000000084f00000| PB 0x0000000084f00000| Untracked |  0
|  44|0x0000000085000000, 0x0000000085000000, 0x0000000085100000|  0%| F|  |TAMS 0x0000000085000000| PB 0x0000000085000000| Untracked |  0
|  45|0x0000000085100000, 0x0000000085100000, 0x0000000085200000|  0%| F|  |TAMS 0x0000000085100000| PB 0x0000000085100000| Untracked |  0
|  46|0x0000000085200000, 0x0000000085200000, 0x0000000085300000|  0%| F|  |TAMS 0x0000000085200000| PB 0x0000000085200000| Untracked |  0
|  47|0x0000000085300000, 0x0000000085300000, 0x0000000085400000|  0%| F|  |TAMS 0x0000000085300000| PB 0x0000000085300000| Untracked |  0
|  48|0x0000000085400000, 0x0000000085400000, 0x0000000085500000|  0%| F|  |TAMS 0x0000000085400000| PB 0x0000000085400000| Untracked |  0
|  49|0x0000000085500000, 0x0000000085500000, 0x0000000085600000|  0%| F|  |TAMS 0x0000000085500000| PB 0x0000000085500000| Untracked |  0
|  50|0x0000000085600000, 0x0000000085600000, 0x0000000085700000|  0%| F|  |TAMS 0x0000000085600000| PB 0x0000000085600000| Untracked |  0
|  51|0x0000000085700000, 0x0000000085700000, 0x0000000085800000|  0%| F|  |TAMS 0x0000000085700000| PB 0x0000000085700000| Untracked |  0
|  52|0x0000000085800000, 0x0000000085800000, 0x0000000085900000|  0%| F|  |TAMS 0x0000000085800000| PB 0x0000000085800000| Untracked |  0
|  53|0x0000000085900000, 0x0000000085900000, 0x0000000085a00000|  0%| F|  |TAMS 0x0000000085900000| PB 0x0000000085900000| Untracked |  0
|  54|0x0000000085a00000, 0x0000000085a00000, 0x0000000085b00000|  0%| F|  |TAMS 0x0000000085a00000| PB 0x0000000085a00000| Untracked |  0
|  55|0x0000000085b00000, 0x0000000085b00000, 0x0000000085c00000|  0%| F|  |TAMS 0x0000000085b00000| PB 0x0000000085b00000| Untracked |  0
|  56|0x0000000085c00000, 0x0000000085c00000, 0x0000000085d00000|  0%| F|  |TAMS 0x0000000085c00000| PB 0x0000000085c00000| Untracked |  0
|  57|0x0000000085d00000, 0x0000000085d00000, 0x0000000085e00000|  0%| F|  |TAMS 0x0000000085d00000| PB 0x0000000085d00000| Untracked |  0
|  58|0x0000000085e00000, 0x0000000085e00000, 0x0000000085f00000|  0%| F|  |TAMS 0x0000000085e00000| PB 0x0000000085e00000| Untracked |  0
|  59|0x0000000085f00000, 0x0000000085f00000, 0x0000000086000000|  0%| F|  |TAMS 0x0000000085f00000| PB 0x0000000085f00000| Untracked |  0
|  60|0x0000000086000000, 0x0000000086000000, 0x0000000086100000|  0%| F|  |TAMS 0x0000000086000000| PB 0x0000000086000000| Untracked |  0
|  61|0x0000000086100000, 0x0000000086100000, 0x0000000086200000|  0%| F|  |TAMS 0x0000000086100000| PB 0x0000000086100000| Untracked |  0
|  62|0x0000000086200000, 0x0000000086200000, 0x0000000086300000|  0%| F|  |TAMS 0x0000000086200000| PB 0x0000000086200000| Untracked |  0
|  63|0x0000000086300000, 0x0000000086300000, 0x0000000086400000|  0%| F|  |TAMS 0x0000000086300000| PB 0x0000000086300000| Untracked |  0
|  64|0x0000000086400000, 0x0000000086400000, 0x0000000086500000|  0%| F|  |TAMS 0x0000000086400000| PB 0x0000000086400000| Untracked |  0
|  65|0x0000000086500000, 0x0000000086500000, 0x0000000086600000|  0%| F|  |TAMS 0x0000000086500000| PB 0x0000000086500000| Untracked |  0
|  66|0x0000000086600000, 0x0000000086600000, 0x0000000086700000|  0%| F|  |TAMS 0x0000000086600000| PB 0x0000000086600000| Untracked |  0
|  67|0x0000000086700000, 0x0000000086700000, 0x0000000086800000|  0%| F|  |TAMS 0x0000000086700000| PB 0x0000000086700000| Untracked |  0
|  68|0x0000000086800000, 0x0000000086800000, 0x0000000086900000|  0%| F|  |TAMS 0x0000000086800000| PB 0x0000000086800000| Untracked |  0
|  69|0x0000000086900000, 0x0000000086900000, 0x0000000086a00000|  0%| F|  |TAMS 0x0000000086900000| PB 0x0000000086900000| Untracked |  0
|  70|0x0000000086a00000, 0x0000000086a00000, 0x0000000086b00000|  0%| F|  |TAMS 0x0000000086a00000| PB 0x0000000086a00000| Untracked |  0
|  71|0x0000000086b00000, 0x0000000086b00000, 0x0000000086c00000|  0%| F|  |TAMS 0x0000000086b00000| PB 0x0000000086b00000| Untracked |  0
|  72|0x0000000086c00000, 0x0000000086c00000, 0x0000000086d00000|  0%| F|  |TAMS 0x0000000086c00000| PB 0x0000000086c00000| Untracked |  0
|  73|0x0000000086d00000, 0x0000000086d00000, 0x0000000086e00000|  0%| F|  |TAMS 0x0000000086d00000| PB 0x0000000086d00000| Untracked |  0
|  74|0x0000000086e00000, 0x0000000086e00000, 0x0000000086f00000|  0%| F|  |TAMS 0x0000000086e00000| PB 0x0000000086e00000| Untracked |  0
|  75|0x0000000086f00000, 0x0000000086f00000, 0x0000000087000000|  0%| F|  |TAMS 0x0000000086f00000| PB 0x0000000086f00000| Untracked |  0
|  76|0x0000000087000000, 0x0000000087000000, 0x0000000087100000|  0%| F|  |TAMS 0x0000000087000000| PB 0x0000000087000000| Untracked |  0
|  77|0x0000000087100000, 0x0000000087100000, 0x0000000087200000|  0%| F|  |TAMS 0x0000000087100000| PB 0x0000000087100000| Untracked |  0
|  78|0x0000000087200000, 0x0000000087200000, 0x0000000087300000|  0%| F|  |TAMS 0x0000000087200000| PB 0x0000000087200000| Untracked |  0
|  79|0x0000000087300000, 0x0000000087300000, 0x0000000087400000|  0%| F|  |TAMS 0x0000000087300000| PB 0x0000000087300000| Untracked |  0
|  80|0x0000000087400000, 0x0000000087400000, 0x0000000087500000|  0%| F|  |TAMS 0x0000000087400000| PB 0x0000000087400000| Untracked |  0
|  81|0x0000000087500000, 0x0000000087500000, 0x0000000087600000|  0%| F|  |TAMS 0x0000000087500000| PB 0x0000000087500000| Untracked |  0
|  82|0x0000000087600000, 0x0000000087600000, 0x0000000087700000|  0%| F|  |TAMS 0x0000000087600000| PB 0x0000000087600000| Untracked |  0
|  83|0x0000000087700000, 0x0000000087700000, 0x0000000087800000|  0%| F|  |TAMS 0x0000000087700000| PB 0x0000000087700000| Untracked |  0
|  84|0x0000000087800000, 0x0000000087800000, 0x0000000087900000|  0%| F|  |TAMS 0x0000000087800000| PB 0x0000000087800000| Untracked |  0
|  85|0x0000000087900000, 0x0000000087900000, 0x0000000087a00000|  0%| F|  |TAMS 0x0000000087900000| PB 0x0000000087900000| Untracked |  0
|  86|0x0000000087a00000, 0x0000000087a00000, 0x0000000087b00000|  0%| F|  |TAMS 0x0000000087a00000| PB 0x0000000087a00000| Untracked |  0
|  87|0x0000000087b00000, 0x0000000087b00000, 0x0000000087c00000|  0%| F|  |TAMS 0x0000000087b00000| PB 0x0000000087b00000| Untracked |  0
|  88|0x0000000087c00000, 0x0000000087c00000, 0x0000000087d00000|  0%| F|  |TAMS 0x0000000087c00000| PB 0x0000000087c00000| Untracked |  0
|  89|0x0000000087d00000, 0x0000000087d00000, 0x0000000087e00000|  0%| F|  |TAMS 0x0000000087d00000| PB 0x0000000087d00000| Untracked |  0
|  90|0x0000000087e00000, 0x0000000087e00000, 0x0000000087f00000|  0%| F|  |TAMS 0x0000000087e00000| PB 0x0000000087e00000| Untracked |  0
|  91|0x0000000087f00000, 0x0000000087f00000, 0x0000000088000000|  0%| F|  |TAMS 0x0000000087f00000| PB 0x0000000087f00000| Untracked |  0
|  92|0x0000000088000000, 0x0000000088000000, 0x0000000088100000|  0%| F|  |TAMS 0x0000000088000000| PB 0x0000000088000000| Untracked |  0
|  93|0x0000000088100000, 0x0000000088100000, 0x0000000088200000|  0%| F|  |TAMS 0x0000000088100000| PB 0x0000000088100000| Untracked |  0
|  94|0x0000000088200000, 0x0000000088200000, 0x0000000088300000|  0%| F|  |TAMS 0x0000000088200000| PB 0x0000000088200000| Untracked |  0
|  95|0x0000000088300000, 0x0000000088300000, 0x0000000088400000|  0%| F|  |TAMS 0x0000000088300000| PB 0x0000000088300000| Untracked |  0
|  96|0x0000000088400000, 0x0000000088400000, 0x0000000088500000|  0%| F|  |TAMS 0x0000000088400000| PB 0x0000000088400000| Untracked |  0
|  97|0x0000000088500000, 0x0000000088500000, 0x0000000088600000|  0%| F|  |TAMS 0x0000000088500000| PB 0x0000000088500000| Untracked |  0
|  98|0x0000000088600000, 0x0000000088600000, 0x0000000088700000|  0%| F|  |TAMS 0x0000000088600000| PB 0x0000000088600000| Untracked |  0
|  99|0x0000000088700000, 0x0000000088700000, 0x0000000088800000|  0%| F|  |TAMS 0x0000000088700000| PB 0x0000000088700000| Untracked |  0
| 100|0x0000000088800000, 0x0000000088800000, 0x0000000088900000|  0%| F|  |TAMS 0x0000000088800000| PB 0x0000000088800000| Untracked |  0
| 101|0x0000000088900000, 0x0000000088900000, 0x0000000088a00000|  0%| F|  |TAMS 0x0000000088900000| PB 0x0000000088900000| Untracked |  0
| 102|0x0000000088a00000, 0x0000000088a00000, 0x0000000088b00000|  0%| F|  |TAMS 0x0000000088a00000| PB 0x0000000088a00000| Untracked |  0
| 103|0x0000000088b00000, 0x0000000088b00000, 0x0000000088c00000|  0%| F|  |TAMS 0x0000000088b00000| PB 0x0000000088b00000| Untracked |  0
| 104|0x0000000088c00000, 0x0000000088c00000, 0x0000000088d00000|  0%| F|  |TAMS 0x0000000088c00000| PB 0x0000000088c00000| Untracked |  0
| 105|0x0000000088d00000, 0x0000000088d00000, 0x0000000088e00000|  0%| F|  |TAMS 0x0000000088d00000| PB 0x0000000088d00000| Untracked |  0
| 106|0x0000000088e00000, 0x0000000088e00000, 0x0000000088f00000|  0%| F|  |TAMS 0x0000000088e00000| PB 0x0000000088e00000| Untracked |  0
| 107|0x0000000088f00000, 0x0000000088f00000, 0x0000000089000000|  0%| F|  |TAMS 0x0000000088f00000| PB 0x0000000088f00000| Untracked |  0
| 108|0x0000000089000000, 0x0000000089000000, 0x0000000089100000|  0%| F|  |TAMS 0x0000000089000000| PB 0x0000000089000000| Untracked |  0
| 109|0x0000000089100000, 0x0000000089100000, 0x0000000089200000|  0%| F|  |TAMS 0x0000000089100000| PB 0x0000000089100000| Untracked |  0
| 110|0x0000000089200000, 0x0000000089300000, 0x0000000089300000|100%| S|CS|TAMS 0x0000000089200000| PB 0x0000000089200000| Complete |  0
| 111|0x0000000089300000, 0x0000000089400000, 0x0000000089400000|100%| S|CS|TAMS 0x0000000089300000| PB 0x0000000089300000| Complete |  0
| 112|0x0000000089400000, 0x0000000089400000, 0x0000000089500000|  0%| F|  |TAMS 0x0000000089400000| PB 0x0000000089400000| Untracked |  0
| 113|0x0000000089500000, 0x0000000089500000, 0x0000000089600000|  0%| F|  |TAMS 0x0000000089500000| PB 0x0000000089500000| Untracked |  0
| 114|0x0000000089600000, 0x0000000089600000, 0x0000000089700000|  0%| F|  |TAMS 0x0000000089600000| PB 0x0000000089600000| Untracked |  0
| 115|0x0000000089700000, 0x0000000089700000, 0x0000000089800000|  0%| F|  |TAMS 0x0000000089700000| PB 0x0000000089700000| Untracked |  0
| 116|0x0000000089800000, 0x0000000089800000, 0x0000000089900000|  0%| F|  |TAMS 0x0000000089800000| PB 0x0000000089800000| Untracked |  0
| 117|0x0000000089900000, 0x0000000089900000, 0x0000000089a00000|  0%| F|  |TAMS 0x0000000089900000| PB 0x0000000089900000| Untracked |  0
| 118|0x0000000089a00000, 0x0000000089a00000, 0x0000000089b00000|  0%| F|  |TAMS 0x0000000089a00000| PB 0x0000000089a00000| Untracked |  0
| 119|0x0000000089b00000, 0x0000000089b00000, 0x0000000089c00000|  0%| F|  |TAMS 0x0000000089b00000| PB 0x0000000089b00000| Untracked |  0
| 120|0x0000000089c00000, 0x0000000089c00000, 0x0000000089d00000|  0%| F|  |TAMS 0x0000000089c00000| PB 0x0000000089c00000| Untracked |  0
| 121|0x0000000089d00000, 0x0000000089d00000, 0x0000000089e00000|  0%| F|  |TAMS 0x0000000089d00000| PB 0x0000000089d00000| Untracked |  0
| 122|0x0000000089e00000, 0x0000000089f00000, 0x0000000089f00000|100%| E|  |TAMS 0x0000000089e00000| PB 0x0000000089e00000| Complete |  0
| 123|0x0000000089f00000, 0x000000008a000000, 0x000000008a000000|100%| E|CS|TAMS 0x0000000089f00000| PB 0x0000000089f00000| Complete |  0
| 124|0x000000008a000000, 0x000000008a100000, 0x000000008a100000|100%| E|CS|TAMS 0x000000008a000000| PB 0x000000008a000000| Complete |  0
| 125|0x000000008a100000, 0x000000008a200000, 0x000000008a200000|100%| E|CS|TAMS 0x000000008a100000| PB 0x000000008a100000| Complete |  0

Card table byte_map: [0x00000299ae3e0000,0x00000299ae7d0000] _byte_map_base: 0x00000299adfce000

Marking Bits: (CMBitMap*) 0x0000029996d67310
 Bits: [0x00000299ae7d0000, 0x00000299b0740000)

Polling page: 0x0000029994c20000

Metaspace:

Usage:
  Non-class:      2.88 MB used.
      Class:    331.88 KB used.
       Both:      3.21 MB used.

Virtual space:
  Non-class space:       64.00 MB reserved,       3.00 MB (  5%) committed,  1 nodes.
      Class space:        1.00 GB reserved,     448.00 KB ( <1%) committed,  1 nodes.
             Both:        1.06 GB reserved,       3.44 MB ( <1%) committed. 

Chunk freelists:
   Non-Class:  10.80 MB
       Class:  15.55 MB
        Both:  26.34 MB

MaxMetaspaceSize: unlimited
CompressedClassSpaceSize: 1.00 GB
Initial GC threshold: 21.00 MB
Current GC threshold: 21.00 MB
CDS: on
 - commit_granule_bytes: 65536.
 - commit_granule_words: 8192.
 - virtual_space_node_default_size: 8388608.
 - enlarge_chunks_in_place: 1.
 - use_allocation_guard: 0.


Internal statistics:

num_allocs_failed_limit: 0.
num_arena_births: 32.
num_arena_deaths: 0.
num_vsnodes_births: 2.
num_vsnodes_deaths: 0.
num_space_committed: 55.
num_space_uncommitted: 0.
num_chunks_returned_to_freelist: 0.
num_chunks_taken_from_freelist: 120.
num_chunk_merges: 0.
num_chunk_splits: 67.
num_chunks_enlarged: 42.
num_inconsistent_stats: 0.

CodeHeap 'non-profiled nmethods': size=120000Kb used=307Kb max_used=307Kb free=119692Kb
 bounds [0x00000299a6ac0000, 0x00000299a6d30000, 0x00000299adff0000]
CodeHeap 'profiled nmethods': size=120000Kb used=1635Kb max_used=1635Kb free=118364Kb
 bounds [0x000002999eff0000, 0x000002999f260000, 0x00000299a6520000]
CodeHeap 'non-nmethods': size=5760Kb used=1349Kb max_used=1364Kb free=4410Kb
 bounds [0x00000299a6520000, 0x00000299a6790000, 0x00000299a6ac0000]
 total_blobs=1401 nmethods=948 adapters=358
 compilation: enabled
              stopped_count=0, restarted_count=0
 full_count=0

Compilation events (20 events):
Event: 1.592 Thread 0x00000299f8024f30  940       3       java.io.File::<init> (111 bytes)
Event: 1.593 Thread 0x00000299f8024f30 nmethod 940 0x000002999f183710 code [0x000002999f1839c0, 0x000002999f1844f0]
Event: 1.596 Thread 0x00000299f8024f30  941       3       sun.invoke.util.Wrapper::forBasicType (103 bytes)
Event: 1.596 Thread 0x00000299f8024f30 nmethod 941 0x000002999f184910 code [0x000002999f184b20, 0x000002999f184fe8]
Event: 1.597 Thread 0x00000299f8024f30  942       1       jdk.internal.util.ClassFileDumper::isEnabled (5 bytes)
Event: 1.597 Thread 0x00000299f8024f30 nmethod 942 0x00000299a6b0ba90 code [0x00000299a6b0bc20, 0x00000299a6b0bcf0]
Event: 1.598 Thread 0x00000299f8024f30  943       3       jdk.internal.org.objectweb.asm.ByteVector::enlarge (73 bytes)
Event: 1.599 Thread 0x00000299f8024f30 nmethod 943 0x000002999f185090 code [0x000002999f185260, 0x000002999f185680]
Event: 1.600 Thread 0x00000299f8024f30  944       3       java.lang.invoke.MemberName::changeReferenceKind (46 bytes)
Event: 1.601 Thread 0x00000299f8024f30 nmethod 944 0x000002999f185810 code [0x000002999f1859a0, 0x000002999f185ad0]
Event: 1.605 Thread 0x00000299f8024f30  945       3       java.lang.invoke.MethodHandleNatives::refKindIsMethod (19 bytes)
Event: 1.606 Thread 0x00000299f8024f30 nmethod 945 0x000002999f185b90 code [0x000002999f185d40, 0x000002999f185f68]
Event: 1.606 Thread 0x00000299f8024f30  946       3       java.lang.invoke.AbstractValidatingLambdaMetafactory::isAdaptableTo (126 bytes)
Event: 1.606 Thread 0x00000299f8006f10 nmethod 936 0x00000299a6b0bd90 code [0x00000299a6b0bf40, 0x00000299a6b0c568]
Event: 1.607 Thread 0x00000299f8024f30 nmethod 946 0x000002999f186010 code [0x000002999f1862a0, 0x000002999f186c08]
Event: 1.609 Thread 0x00000299f8024f30  947   !   3       jdk.internal.loader.URLClassPath$FileLoader::getResource (153 bytes)
Event: 1.612 Thread 0x00000299f8024f30 nmethod 947 0x000002999f186f90 code [0x000002999f1872e0, 0x000002999f1883f0]
Event: 1.612 Thread 0x00000299f8024f30  948       3       java.net.URLStreamHandler::parseURL (1124 bytes)
Event: 1.624 Thread 0x00000299f8006f10  954       4       java.util.Arrays::copyOf (33 bytes)
Event: 1.628 Thread 0x00000299f8006f10 nmethod 954 0x00000299a6b0c810 code [0x00000299a6b0c9a0, 0x00000299a6b0cd68]

GC Heap History (2 events):
Event: 1.213 GC heap before
{Heap before GC invocations=0 (full 0):
 garbage-first heap   total reserved 2060288K, committed 129024K, used 17408K [0x0000000082400000, 0x0000000100000000)
  region size 1024K, 14 young (14336K), 0 survivors (0K)
 Metaspace       used 2508K, committed 2624K, reserved 1114112K
  class space    used 226K, committed 320K, reserved 1048576K
}
Event: 1.222 GC heap after
{Heap after GC invocations=1 (full 0):
 garbage-first heap   total reserved 2060288K, committed 129024K, used 10453K [0x0000000082400000, 0x0000000100000000)
  region size 1024K, 2 young (2048K), 2 survivors (2048K)
 Metaspace       used 2508K, committed 2624K, reserved 1114112K
  class space    used 226K, committed 320K, reserved 1048576K
}

Dll operation events (8 events):
Event: 0.014 Loaded shared library C:\Program Files\jdk-22.0.1\bin\java.dll
Event: 0.069 Loaded shared library C:\Program Files\jdk-22.0.1\bin\jsvml.dll
Event: 0.153 Loaded shared library C:\Program Files\jdk-22.0.1\bin\net.dll
Event: 0.157 Loaded shared library C:\Program Files\jdk-22.0.1\bin\nio.dll
Event: 0.167 Loaded shared library C:\Program Files\jdk-22.0.1\bin\zip.dll
Event: 0.339 Loaded shared library C:\Program Files\jdk-22.0.1\bin\management.dll
Event: 0.356 Loaded shared library C:\Program Files\jdk-22.0.1\bin\management_ext.dll
Event: 0.423 Loaded shared library C:\Program Files\jdk-22.0.1\bin\jimage.dll

Deoptimization events (20 events):
Event: 1.450 Thread 0x0000029994a21880 Uncommon trap: trap_request=0xffffffbe fr.pc=0x00000299a6b057e0 relative=0x00000000000003c0
Event: 1.450 Thread 0x0000029994a21880 Uncommon trap: reason=profile_predicate action=maybe_recompile pc=0x00000299a6b057e0 method=jdk.internal.jimage.ImageStringsReader.unmaskedHashCode(Ljava/lang/String;I)I @ 13 c2
Event: 1.450 Thread 0x0000029994a21880 DEOPT PACKING pc=0x00000299a6b057e0 sp=0x000000f0889fe420
Event: 1.450 Thread 0x0000029994a21880 DEOPT UNPACKING pc=0x00000299a65746a2 sp=0x000000f0889fe388 mode 2
Event: 1.583 Thread 0x0000029994a21880 Uncommon trap: trap_request=0xffffffbe fr.pc=0x00000299a6b0a328 relative=0x0000000000000568
Event: 1.583 Thread 0x0000029994a21880 Uncommon trap: reason=profile_predicate action=maybe_recompile pc=0x00000299a6b0a328 method=jdk.internal.org.objectweb.asm.ByteVector.putUTF8(Ljava/lang/String;)Ljdk/internal/org/objectweb/asm/ByteVector; @ 79 c2
Event: 1.583 Thread 0x0000029994a21880 DEOPT PACKING pc=0x00000299a6b0a328 sp=0x000000f0889fca80
Event: 1.583 Thread 0x0000029994a21880 DEOPT UNPACKING pc=0x00000299a65746a2 sp=0x000000f0889fca00 mode 2
Event: 1.583 Thread 0x0000029994a21880 Uncommon trap: trap_request=0xffffffbe fr.pc=0x00000299a6b0a328 relative=0x0000000000000568
Event: 1.583 Thread 0x0000029994a21880 Uncommon trap: reason=profile_predicate action=maybe_recompile pc=0x00000299a6b0a328 method=jdk.internal.org.objectweb.asm.ByteVector.putUTF8(Ljava/lang/String;)Ljdk/internal/org/objectweb/asm/ByteVector; @ 79 c2
Event: 1.583 Thread 0x0000029994a21880 DEOPT PACKING pc=0x00000299a6b0a328 sp=0x000000f0889fcaf0
Event: 1.583 Thread 0x0000029994a21880 DEOPT UNPACKING pc=0x00000299a65746a2 sp=0x000000f0889fca70 mode 2
Event: 1.583 Thread 0x0000029994a21880 Uncommon trap: trap_request=0xffffffbe fr.pc=0x00000299a6b0a328 relative=0x0000000000000568
Event: 1.583 Thread 0x0000029994a21880 Uncommon trap: reason=profile_predicate action=maybe_recompile pc=0x00000299a6b0a328 method=jdk.internal.org.objectweb.asm.ByteVector.putUTF8(Ljava/lang/String;)Ljdk/internal/org/objectweb/asm/ByteVector; @ 79 c2
Event: 1.583 Thread 0x0000029994a21880 DEOPT PACKING pc=0x00000299a6b0a328 sp=0x000000f0889fcc10
Event: 1.583 Thread 0x0000029994a21880 DEOPT UNPACKING pc=0x00000299a65746a2 sp=0x000000f0889fcb90 mode 2
Event: 1.583 Thread 0x0000029994a21880 Uncommon trap: trap_request=0xffffffbe fr.pc=0x00000299a6b0a328 relative=0x0000000000000568
Event: 1.583 Thread 0x0000029994a21880 Uncommon trap: reason=profile_predicate action=maybe_recompile pc=0x00000299a6b0a328 method=jdk.internal.org.objectweb.asm.ByteVector.putUTF8(Ljava/lang/String;)Ljdk/internal/org/objectweb/asm/ByteVector; @ 79 c2
Event: 1.583 Thread 0x0000029994a21880 DEOPT PACKING pc=0x00000299a6b0a328 sp=0x000000f0889fcab0
Event: 1.583 Thread 0x0000029994a21880 DEOPT UNPACKING pc=0x00000299a65746a2 sp=0x000000f0889fca30 mode 2

Classes loaded (20 events):
Event: 1.503 Loading class java/util/stream/MatchOps
Event: 1.504 Loading class java/util/stream/MatchOps done
Event: 1.504 Loading class java/util/stream/MatchOps$MatchOp
Event: 1.505 Loading class java/util/stream/MatchOps$MatchOp done
Event: 1.505 Loading class java/util/stream/MatchOps$BooleanTerminalSink
Event: 1.505 Loading class java/util/stream/MatchOps$BooleanTerminalSink done
Event: 1.508 Loading class java/util/stream/MatchOps$1MatchSink
Event: 1.508 Loading class java/util/stream/MatchOps$1MatchSink done
Event: 1.511 Loading class java/io/UnsupportedEncodingException
Event: 1.511 Loading class java/io/UnsupportedEncodingException done
Event: 1.514 Loading class java/util/Formatter$FixedString
Event: 1.514 Loading class java/util/Formatter$FixedString done
Event: 1.523 Loading class java/net/URLEncoder
Event: 1.524 Loading class java/net/URLEncoder done
Event: 1.524 Loading class java/util/BitSet
Event: 1.524 Loading class java/util/BitSet done
Event: 1.524 Loading class jdk/internal/util/ImmutableBitSetPredicate
Event: 1.524 Loading class jdk/internal/util/ImmutableBitSetPredicate done
Event: 1.525 Loading class jdk/internal/util/ImmutableBitSetPredicate$SmallImmutableBitSetPredicate
Event: 1.525 Loading class jdk/internal/util/ImmutableBitSetPredicate$SmallImmutableBitSetPredicate done

Classes unloaded (0 events):
No events

Classes redefined (0 events):
No events

Internal exceptions (7 events):
Event: 0.397 Thread 0x0000029994a21880 Exception <a 'java/lang/NoSuchMethodError'{0x0000000089e45c20}: 'int java.lang.invoke.DirectMethodHandle$Holder.invokeSpecial(java.lang.Object, java.lang.Object, java.lang.Object)'> (0x0000000089e45c20) 
thrown [s\open\src\hotspot\share\interpreter\linkResolver.cpp, line 774]
Event: 1.236 Thread 0x0000029994a21880 Exception <a 'java/lang/NoSuchMethodError'{0x000000008a131b28}: 'void java.lang.invoke.DirectMethodHandle$Holder.invokeStatic(java.lang.Object, java.lang.Object, java.lang.Object)'> (0x000000008a131b28) 
thrown [s\open\src\hotspot\share\interpreter\linkResolver.cpp, line 774]
Event: 1.238 Thread 0x0000029994a21880 Exception <a 'java/lang/NoSuchMethodError'{0x000000008a1396f0}: 'void java.lang.invoke.DirectMethodHandle$Holder.invokeSpecial(java.lang.Object, java.lang.Object, java.lang.Object)'> (0x000000008a1396f0) 
thrown [s\open\src\hotspot\share\interpreter\linkResolver.cpp, line 774]
Event: 1.349 Thread 0x0000029994a21880 Exception <a 'java/lang/NoSuchMethodError'{0x000000008a0bdb20}: 'java.lang.Object java.lang.invoke.DirectMethodHandle$Holder.invokeVirtual(java.lang.Object, java.lang.Object, java.lang.Object)'> (0x000000008a0bdb20) 
thrown [s\open\src\hotspot\share\interpreter\linkResolver.cpp, line 774]
Event: 1.491 Thread 0x0000029994a21880 Exception <a 'java/lang/NoSuchMethodError'{0x0000000089fa83d0}: 'java.lang.Object java.lang.invoke.DirectMethodHandle$Holder.invokeInterface(java.lang.Object, java.lang.Object)'> (0x0000000089fa83d0) 
thrown [s\open\src\hotspot\share\interpreter\linkResolver.cpp, line 774]
Event: 1.500 Thread 0x0000029994a21880 Exception <a 'java/lang/NoSuchMethodError'{0x0000000089fccba0}: 'int java.lang.invoke.DirectMethodHandle$Holder.invokeVirtual(java.lang.Object, java.lang.Object)'> (0x0000000089fccba0) 
thrown [s\open\src\hotspot\share\interpreter\linkResolver.cpp, line 774]
Event: 1.517 Thread 0x0000029994a21880 Exception <a 'java/lang/NoSuchMethodError'{0x0000000089fea498}: 'java.lang.Object java.lang.invoke.DirectMethodHandle$Holder.invokeStaticInit(java.lang.Object, int)'> (0x0000000089fea498) 
thrown [s\open\src\hotspot\share\interpreter\linkResolver.cpp, line 774]

ZGC Phase Switch (0 events):
No events

VM Operations (10 events):
Event: 0.168 Executing VM operation: HandshakeAllThreads (Deoptimize)
Event: 0.168 Executing VM operation: HandshakeAllThreads (Deoptimize) done
Event: 0.785 Executing VM operation: HandshakeAllThreads (Deoptimize)
Event: 0.785 Executing VM operation: HandshakeAllThreads (Deoptimize) done
Event: 1.209 Executing VM operation: HandshakeAllThreads (Deoptimize)
Event: 1.209 Executing VM operation: HandshakeAllThreads (Deoptimize) done
Event: 1.209 Executing VM operation: Cleanup
Event: 1.209 Executing VM operation: Cleanup done
Event: 1.213 Executing VM operation: G1CollectForAllocation (G1 Evacuation Pause)
Event: 1.223 Executing VM operation: G1CollectForAllocation (G1 Evacuation Pause) done

Events (13 events):
Event: 0.042 Thread 0x0000029994a21880 Thread added: 0x0000029994a21880
Event: 0.066 Thread 0x00000299b09369c0 Thread added: 0x00000299b09369c0
Event: 0.066 Thread 0x00000299b0937420 Thread added: 0x00000299b0937420
Event: 0.067 Thread 0x00000299f8000080 Thread added: 0x00000299f8000080
Event: 0.067 Thread 0x00000299f8001280 Thread added: 0x00000299f8001280
Event: 0.067 Thread 0x00000299f8001ce0 Thread added: 0x00000299f8001ce0
Event: 0.067 Thread 0x00000299f80029c0 Thread added: 0x00000299f80029c0
Event: 0.067 Thread 0x00000299f8006f10 Thread added: 0x00000299f8006f10
Event: 0.068 Thread 0x00000299f8024f30 Thread added: 0x00000299f8024f30
Event: 0.142 Thread 0x00000299f8149410 Thread added: 0x00000299f8149410
Event: 0.145 Thread 0x00000299f81582d0 Thread added: 0x00000299f81582d0
Event: 0.819 Thread 0x00000299f8463eb0 Thread added: 0x00000299f8463eb0
Event: 0.852 Thread 0x00000299f88362e0 Thread added: 0x00000299f88362e0


Dynamic libraries:
0x00007ff793060000 - 0x00007ff793070000 	C:\Program Files\jdk-22.0.1\bin\java.exe
0x00007ffd72c10000 - 0x00007ffd72e08000 	C:\WINDOWS\SYSTEM32\ntdll.dll
0x00007ffd72b00000 - 0x00007ffd72bc2000 	C:\WINDOWS\System32\KERNEL32.DLL
0x00007ffd70420000 - 0x00007ffd7071e000 	C:\WINDOWS\System32\KERNELBASE.dll
0x00007ffd709d0000 - 0x00007ffd70ad0000 	C:\WINDOWS\System32\ucrtbase.dll
0x00007ffd6a160000 - 0x00007ffd6a17b000 	C:\Program Files\jdk-22.0.1\bin\VCRUNTIME140.dll
0x00007ffd6a910000 - 0x00007ffd6a927000 	C:\Program Files\jdk-22.0.1\bin\jli.dll
0x00007ffd72570000 - 0x00007ffd72622000 	C:\WINDOWS\System32\ADVAPI32.dll
0x00007ffd726a0000 - 0x00007ffd7273e000 	C:\WINDOWS\System32\msvcrt.dll
0x00007ffd720e0000 - 0x00007ffd72180000 	C:\WINDOWS\System32\sechost.dll
0x00007ffd71ef0000 - 0x00007ffd72013000 	C:\WINDOWS\System32\RPCRT4.dll
0x00007ffd708e0000 - 0x00007ffd70907000 	C:\WINDOWS\System32\bcrypt.dll
0x00007ffd71300000 - 0x00007ffd7149d000 	C:\WINDOWS\System32\USER32.dll
0x00007ffd703f0000 - 0x00007ffd70412000 	C:\WINDOWS\System32\win32u.dll
0x00007ffd720b0000 - 0x00007ffd720db000 	C:\WINDOWS\System32\GDI32.dll
0x00007ffd5b4d0000 - 0x00007ffd5b76a000 	C:\WINDOWS\WinSxS\amd64_microsoft.windows.common-controls_6595b64144ccf1df_6.0.19041.4355_none_60b8b9eb71f62e16\COMCTL32.dll
0x00007ffd70720000 - 0x00007ffd70837000 	C:\WINDOWS\System32\gdi32full.dll
0x00007ffd70840000 - 0x00007ffd708dd000 	C:\WINDOWS\System32\msvcp_win.dll
0x00007ffd6f590000 - 0x00007ffd6f59a000 	C:\WINDOWS\SYSTEM32\VERSION.dll
0x00007ffd710a0000 - 0x00007ffd710cf000 	C:\WINDOWS\System32\IMM32.DLL
0x00007ffd6f600000 - 0x00007ffd6f637000 	C:\WINDOWS\system32\DriverStore\FileRepository\nvacwu.inf_amd64_9d2734742a07f3cf\nvinitx.dll
0x00007ffd714a0000 - 0x00007ffd71c0f000 	C:\WINDOWS\System32\Shell32.dll
0x00007ffd6de40000 - 0x00007ffd6e5e4000 	C:\WINDOWS\SYSTEM32\windows.storage.dll
0x00007ffd72740000 - 0x00007ffd72a93000 	C:\WINDOWS\System32\combase.dll
0x00007ffd6fc00000 - 0x00007ffd6fc2e000 	C:\WINDOWS\SYSTEM32\Wldp.dll
0x00007ffd72370000 - 0x00007ffd7243d000 	C:\WINDOWS\System32\OLEAUT32.dll
0x00007ffd71c10000 - 0x00007ffd71cbd000 	C:\WINDOWS\System32\SHCORE.dll
0x00007ffd72190000 - 0x00007ffd721e5000 	C:\WINDOWS\System32\shlwapi.dll
0x0000000070f60000 - 0x0000000070f66000 	C:\Program Files\NVIDIA Corporation\CoProcManager\_etoured.dll
0x00007ffd62db0000 - 0x00007ffd62df4000 	C:\Program Files\NVIDIA Corporation\CoProcManager\nvd3d9wrapx.dll
0x00007ffd70c30000 - 0x00007ffd7109e000 	C:\WINDOWS\System32\SETUPAPI.dll
0x00007ffd70910000 - 0x00007ffd7095e000 	C:\WINDOWS\System32\cfgmgr32.dll
0x00007ffd65540000 - 0x00007ffd6556e000 	C:\Program Files\NVIDIA Corporation\CoProcManager\nvdxgiwrapx.dll
0x00007ffd6ba30000 - 0x00007ffd6ba3c000 	C:\Program Files\jdk-22.0.1\bin\vcruntime140_1.dll
0x00007ffd566b0000 - 0x00007ffd5673e000 	C:\Program Files\jdk-22.0.1\bin\msvcp140.dll
0x00007ffd39cf0000 - 0x00007ffd3aa37000 	C:\Program Files\jdk-22.0.1\bin\server\jvm.dll
0x00007ffd72040000 - 0x00007ffd720ab000 	C:\WINDOWS\System32\WS2_32.dll
0x00007ffd6f800000 - 0x00007ffd6f84b000 	C:\WINDOWS\SYSTEM32\POWRPROF.dll
0x00007ffd5eeb0000 - 0x00007ffd5eed7000 	C:\WINDOWS\SYSTEM32\WINMM.dll
0x00007ffd6f6b0000 - 0x00007ffd6f6c2000 	C:\WINDOWS\SYSTEM32\UMPDC.dll
0x00007ffd6ea90000 - 0x00007ffd6eaa2000 	C:\WINDOWS\SYSTEM32\kernel.appcore.dll
0x00007ffd6b0a0000 - 0x00007ffd6b0aa000 	C:\Program Files\jdk-22.0.1\bin\jimage.dll
0x00007ffd6e6b0000 - 0x00007ffd6e894000 	C:\WINDOWS\SYSTEM32\DBGHELP.DLL
0x00007ffd68760000 - 0x00007ffd68794000 	C:\WINDOWS\SYSTEM32\dbgcore.DLL
0x00007ffd702b0000 - 0x00007ffd70332000 	C:\WINDOWS\System32\bcryptPrimitives.dll
0x00007ffd6a140000 - 0x00007ffd6a15e000 	C:\Program Files\jdk-22.0.1\bin\java.dll
0x00007ffd72440000 - 0x00007ffd7256b000 	C:\WINDOWS\System32\ole32.dll
0x00007ffd701e0000 - 0x00007ffd70204000 	C:\WINDOWS\SYSTEM32\profapi.dll
0x00007ffd51670000 - 0x00007ffd51747000 	C:\Program Files\jdk-22.0.1\bin\jsvml.dll
0x00007ffd6a110000 - 0x00007ffd6a120000 	C:\Program Files\jdk-22.0.1\bin\net.dll
0x00007ffd6f9e0000 - 0x00007ffd6fa4a000 	C:\WINDOWS\system32\mswsock.dll
0x00007ffd69650000 - 0x00007ffd69666000 	C:\Program Files\jdk-22.0.1\bin\nio.dll
0x00007ffd69580000 - 0x00007ffd69597000 	C:\Program Files\jdk-22.0.1\bin\zip.dll
0x00007ffd69610000 - 0x00007ffd6961a000 	C:\Program Files\jdk-22.0.1\bin\management.dll
0x00007ffd69450000 - 0x00007ffd6945b000 	C:\Program Files\jdk-22.0.1\bin\management_ext.dll
0x00007ffd711b0000 - 0x00007ffd711b8000 	C:\WINDOWS\System32\PSAPI.DLL

dbghelp: loaded successfully - version: 4.0.5 - missing functions: none
symbol engine: initialized successfully - sym options: 0x614 - pdb path: .;C:\Program Files\jdk-22.0.1\bin;C:\WINDOWS\SYSTEM32;C:\WINDOWS\WinSxS\amd64_microsoft.windows.common-controls_6595b64144ccf1df_6.0.19041.4355_none_60b8b9eb71f62e16;C:\WINDOWS\system32\DriverStore\FileRepository\nvacwu.inf_amd64_9d2734742a07f3cf;C:\Program Files\NVIDIA Corporation\CoProcManager;C:\Program Files\jdk-22.0.1\bin\server

VM Arguments:
java_command: C:\Users\Марина\AppData\Local\Temp\surefire11292641684528711410\surefirebooter-20241105193530139_3.jar C:\Users\Марина\AppData\Local\Temp\surefire11292641684528711410 2024-11-05T19-35-29_796-jvmRun1 surefire-20241105193530139_1tmp surefire_0-20241105193530139_2tmp
java_class_path (initial): C:\Users\Марина\AppData\Local\Temp\surefire11292641684528711410\surefirebooter-20241105193530139_3.jar
Launcher Type: SUN_STANDARD

[Global flags]
     intx CICompilerCount                          = 3                                         {product} {ergonomic}
     uint ConcGCThreads                            = 1                                         {product} {ergonomic}
     uint G1ConcRefinementThreads                  = 4                                         {product} {ergonomic}
   size_t G1HeapRegionSize                         = 1048576                                   {product} {ergonomic}
   size_t InitialHeapSize                          = 132120576                                 {product} {ergonomic}
   size_t MarkStackSize                            = 4194304                                   {product} {ergonomic}
   size_t MaxHeapSize                              = 2109734912                                {product} {ergonomic}
   size_t MaxNewSize                               = 1265631232                                {product} {ergonomic}
   size_t MinHeapDeltaBytes                        = 1048576                                   {product} {ergonomic}
   size_t MinHeapSize                              = 8388608                                   {product} {ergonomic}
    uintx NonNMethodCodeHeapSize                   = 5832780                                {pd product} {ergonomic}
    uintx NonProfiledCodeHeapSize                  = 122912730                              {pd product} {ergonomic}
    uintx ProfiledCodeHeapSize                     = 122912730                              {pd product} {ergonomic}
    uintx ReservedCodeCacheSize                    = 251658240                              {pd product} {ergonomic}
     bool SegmentedCodeCache                       = true                                      {product} {ergonomic}
   size_t SoftMaxHeapSize                          = 2109734912                             {manageable} {ergonomic}
     bool UseCompressedOops                        = true                           {product lp64_product} {ergonomic}
     bool UseG1GC                                  = true                                      {product} {ergonomic}
     bool UseLargePagesIndividualAllocation        = false                                  {pd product} {ergonomic}

Logging:
Log output configuration:
 #0: stdout all=warning uptime,level,tags foldmultilines=false
 #1: stderr all=off uptime,level,tags foldmultilines=false

Environment Variables:
JAVA_HOME=C:\Program Files\jdk-21.0.2
PATH=C:\ProgramData\Oracle\Java\javapath;C:\Program Files (x86)\Intel\iCLS Client\;C:\Program Files\Intel\iCLS Client\;C:\WINDOWS\system32;C:\WINDOWS;C:\WINDOWS\System32\Wbem;C:\WINDOWS\System32\WindowsPowerShell\v1.0\;C:\Program Files\Intel\Intel(R) Management Engine Components\DAL;C:\Program Files\Intel\Intel(R) Management Engine Components\IPT;C:\Program Files (x86)\Intel\Intel(R) Management Engine Components\DAL;C:\Program Files (x86)\Intel\Intel(R) Management Engine Components\IPT;C:\WINDOWS\System32\OpenSSH\;C:\Program Files\Git\cmd;C:\Program Files\jdk-21.0.2\bin;;C:\Program Files\Docker\Docker\resources\bin;C:\Program Files;C:\Program Files\curl-8.8.0_2-win64-mingw;C:\Program Files\jdk-17.0.11\bin;C:\Program Files\jdk-22.0.1\bin;C:\Program Files\MySQL\MySQL Server 8.0\bin;C:\Program Files\JetBrains\IntelliJ IDEA 2024.1.4\bin;;
USERNAME=Марина
OS=Windows_NT
PROCESSOR_IDENTIFIER=Intel64 Family 6 Model 42 Stepping 7, GenuineIntel
TMP=C:\Users\0D39~1\AppData\Local\Temp
TEMP=C:\Users\0D39~1\AppData\Local\Temp




Periodic native trim disabled

---------------  S Y S T E M  ---------------

OS:
 Windows 10 , 64 bit Build 19041 (10.0.19041.4957)
OS uptime: 2 days 23:12 hours
Hyper-V role detected

CPU: total 4 (initial active 4) (2 cores per cpu, 2 threads per core) family 6 model 42 stepping 7 microcode 0x2f, cx8, cmov, fxsr, ht, mmx, sse, sse2, sse3, ssse3, sse4.1, sse4.2, popcnt, tsc, tscinvbit, avx, aes, clmul, vzeroupper, clflush, hv, rdtscp
Processor Information for all 4 processors :
  Max Mhz: 2501, Current Mhz: 2501, Mhz Limit: 2501

Memory: 4k page, system-wide physical 8043M (746M free)
TotalPageFile size 12043M (AvailPageFile size 0M)
current process WorkingSet (physical memory assigned to process): 73M, peak: 73M
current process commit charge ("private bytes"): 212M, peak: 212M

vm_info: Java HotSpot(TM) 64-Bit Server VM (22.0.1+8-16) for windows-amd64 JRE (22.0.1+8-16), built on 2024-03-12T10:33:16Z by "mach5one" with MS VC++ 17.6 (VS2022)

END.
